2010-02-19 11:14:16 [gTimerThread] TimerScheduler.java:118 - 执行定时器：
    <sockclient-profile type="feComClient">
        <name>feClinet</name>
        <port>127.0.0.1:10010</port>
        <state>false</state>
        <timeout>2</timeout>
        <txfs>02</txfs>
        <totalRecv>0</totalRecv>
        <totalSend>0</totalSend>
        <perMinuteRecv>0</perMinuteRecv>
        <perMinuteSend>0</perMinuteSend>
        <lastRecv>11:14:13</lastRecv>
        <lastSend>08:00:00</lastSend>
    </sockclient-profile>
2010-02-19 11:14:16 [gTimerThread] TimerScheduler.java:118 - 执行定时器：
    <sockclient-profile type="intfClient">
        <name>intfClient</name>
        <port>127.0.0.1:10030</port>
        <state>false</state>
        <timeout>2</timeout>
        <txfs>02</txfs>
        <totalRecv>0</totalRecv>
        <totalSend>0</totalSend>
        <perMinuteRecv>0</perMinuteRecv>
        <perMinuteSend>0</perMinuteSend>
        <lastRecv>11:14:13</lastRecv>
        <lastSend>08:00:00</lastSend>
    </sockclient-profile>
2010-02-19 11:14:16 [gTimerThread] TimerScheduler.java:118 - 执行定时器：
    <sockclient-profile type="timeCorrectorClient">
        <name>timeCorrectorClient</name>
        <port>127.0.0.1:10040</port>
        <state>false</state>
        <timeout>2</timeout>
        <txfs>02</txfs>
        <totalRecv>0</totalRecv>
        <totalSend>0</totalSend>
        <perMinuteRecv>0</perMinuteRecv>
        <perMinuteSend>0</perMinuteSend>
        <lastRecv>11:14:13</lastRecv>
        <lastSend>08:00:00</lastSend>
    </sockclient-profile>
2010-02-19 11:14:16 [gTimerThread] TimerScheduler.java:118 - 执行定时器：
    <sockclient-profile type="rereadTaskClient">
        <name>rereadTaskClient</name>
        <port>127.0.0.1:10045</port>
        <state>false</state>
        <timeout>2</timeout>
        <txfs>02</txfs>
        <totalRecv>0</totalRecv>
        <totalSend>0</totalSend>
        <perMinuteRecv>0</perMinuteRecv>
        <perMinuteSend>0</perMinuteSend>
        <lastRecv>11:14:13</lastRecv>
        <lastSend>08:00:00</lastSend>
    </sockclient-profile>
2010-02-19 11:14:18 [gTimerThread] TimerScheduler.java:118 - 执行定时器：
    <sockclient-profile type="feComClient">
        <name>feClinet</name>
        <port>127.0.0.1:10010</port>
        <state>false</state>
        <timeout>2</timeout>
        <txfs>02</txfs>
        <totalRecv>0</totalRecv>
        <totalSend>0</totalSend>
        <perMinuteRecv>0</perMinuteRecv>
        <perMinuteSend>0</perMinuteSend>
        <lastRecv>11:14:13</lastRecv>
        <lastSend>08:00:00</lastSend>
    </sockclient-profile>
2010-02-19 11:14:18 [gTimerThread] TimerScheduler.java:118 - 执行定时器：
    <sockclient-profile type="intfClient">
        <name>intfClient</name>
        <port>127.0.0.1:10030</port>
        <state>false</state>
        <timeout>2</timeout>
        <txfs>02</txfs>
        <totalRecv>0</totalRecv>
        <totalSend>0</totalSend>
        <perMinuteRecv>0</perMinuteRecv>
        <perMinuteSend>0</perMinuteSend>
        <lastRecv>11:14:13</lastRecv>
        <lastSend>08:00:00</lastSend>
    </sockclient-profile>
2010-02-19 11:14:18 [gTimerThread] TimerScheduler.java:118 - 执行定时器：
    <sockclient-profile type="timeCorrectorClient">
        <name>timeCorrectorClient</name>
        <port>127.0.0.1:10040</port>
        <state>false</state>
        <timeout>2</timeout>
        <txfs>02</txfs>
        <totalRecv>0</totalRecv>
        <totalSend>0</totalSend>
        <perMinuteRecv>0</perMinuteRecv>
        <perMinuteSend>0</perMinuteSend>
        <lastRecv>11:14:13</lastRecv>
        <lastSend>08:00:00</lastSend>
    </sockclient-profile>
2010-02-19 11:14:18 [gTimerThread] TimerScheduler.java:118 - 执行定时器：
    <sockclient-profile type="rereadTaskClient">
        <name>rereadTaskClient</name>
        <port>127.0.0.1:10045</port>
        <state>false</state>
        <timeout>2</timeout>
        <txfs>02</txfs>
        <totalRecv>0</totalRecv>
        <totalSend>0</totalSend>
        <perMinuteRecv>0</perMinuteRecv>
        <perMinuteSend>0</perMinuteSend>
        <lastRecv>11:14:13</lastRecv>
        <lastSend>08:00:00</lastSend>
    </sockclient-profile>
2010-02-19 11:14:19 [gTimerThread] TimerScheduler.java:118 - 执行定时器：AsyncService
2010-02-19 11:14:20 [gTimerThread] TimerScheduler.java:118 - 执行定时器：
    <sockclient-profile type="feComClient">
        <name>feClinet</name>
        <port>127.0.0.1:10010</port>
        <state>false</state>
        <timeout>2</timeout>
        <txfs>02</txfs>
        <totalRecv>0</totalRecv>
        <totalSend>0</totalSend>
        <perMinuteRecv>0</perMinuteRecv>
        <perMinuteSend>0</perMinuteSend>
        <lastRecv>11:14:13</lastRecv>
        <lastSend>08:00:00</lastSend>
    </sockclient-profile>
2010-02-19 11:14:20 [gTimerThread] TimerScheduler.java:118 - 执行定时器：
    <sockclient-profile type="intfClient">
        <name>intfClient</name>
        <port>127.0.0.1:10030</port>
        <state>false</state>
        <timeout>2</timeout>
        <txfs>02</txfs>
        <totalRecv>0</totalRecv>
        <totalSend>0</totalSend>
        <perMinuteRecv>0</perMinuteRecv>
        <perMinuteSend>0</perMinuteSend>
        <lastRecv>11:14:13</lastRecv>
        <lastSend>08:00:00</lastSend>
    </sockclient-profile>
2010-02-19 11:14:20 [gTimerThread] TimerScheduler.java:118 - 执行定时器：
    <sockclient-profile type="timeCorrectorClient">
        <name>timeCorrectorClient</name>
        <port>127.0.0.1:10040</port>
        <state>false</state>
        <timeout>2</timeout>
        <txfs>02</txfs>
        <totalRecv>0</totalRecv>
        <totalSend>0</totalSend>
        <perMinuteRecv>0</perMinuteRecv>
        <perMinuteSend>0</perMinuteSend>
        <lastRecv>11:14:13</lastRecv>
        <lastSend>08:00:00</lastSend>
    </sockclient-profile>
2010-02-19 11:14:20 [gTimerThread] TimerScheduler.java:118 - 执行定时器：
    <sockclient-profile type="rereadTaskClient">
        <name>rereadTaskClient</name>
        <port>127.0.0.1:10045</port>
        <state>false</state>
        <timeout>2</timeout>
        <txfs>02</txfs>
        <totalRecv>0</totalRecv>
        <totalSend>0</totalSend>
        <perMinuteRecv>0</perMinuteRecv>
        <perMinuteSend>0</perMinuteSend>
        <lastRecv>11:14:13</lastRecv>
        <lastSend>08:00:00</lastSend>
    </sockclient-profile>
2010-02-19 11:14:22 [gTimerThread] TimerScheduler.java:118 - 执行定时器：
    <sockclient-profile type="feComClient">
        <name>feClinet</name>
        <port>127.0.0.1:10010</port>
        <state>false</state>
        <timeout>2</timeout>
        <txfs>02</txfs>
        <totalRecv>0</totalRecv>
        <totalSend>0</totalSend>
        <perMinuteRecv>0</perMinuteRecv>
        <perMinuteSend>0</perMinuteSend>
        <lastRecv>11:14:13</lastRecv>
        <lastSend>08:00:00</lastSend>
    </sockclient-profile>
2010-02-19 11:14:22 [gTimerThread] TimerScheduler.java:118 - 执行定时器：
    <sockclient-profile type="intfClient">
        <name>intfClient</name>
        <port>127.0.0.1:10030</port>
        <state>false</state>
        <timeout>2</timeout>
        <txfs>02</txfs>
        <totalRecv>0</totalRecv>
        <totalSend>0</totalSend>
        <perMinuteRecv>0</perMinuteRecv>
        <perMinuteSend>0</perMinuteSend>
        <lastRecv>11:14:13</lastRecv>
        <lastSend>08:00:00</lastSend>
    </sockclient-profile>
2010-02-19 11:14:22 [gTimerThread] TimerScheduler.java:118 - 执行定时器：
    <sockclient-profile type="timeCorrectorClient">
        <name>timeCorrectorClient</name>
        <port>127.0.0.1:10040</port>
        <state>false</state>
        <timeout>2</timeout>
        <txfs>02</txfs>
        <totalRecv>0</totalRecv>
        <totalSend>0</totalSend>
        <perMinuteRecv>0</perMinuteRecv>
        <perMinuteSend>0</perMinuteSend>
        <lastRecv>11:14:13</lastRecv>
        <lastSend>08:00:00</lastSend>
    </sockclient-profile>
2010-02-19 11:14:22 [gTimerThread] TimerScheduler.java:118 - 执行定时器：
    <sockclient-profile type="rereadTaskClient">
        <name>rereadTaskClient</name>
        <port>127.0.0.1:10045</port>
        <state>false</state>
        <timeout>2</timeout>
        <txfs>02</txfs>
        <totalRecv>0</totalRecv>
        <totalSend>0</totalSend>
        <perMinuteRecv>0</perMinuteRecv>
        <perMinuteSend>0</perMinuteSend>
        <lastRecv>11:14:13</lastRecv>
        <lastSend>08:00:00</lastSend>
    </sockclient-profile>
2010-02-19 11:14:24 [gTimerThread] TimerScheduler.java:118 - 执行定时器：
    <sockclient-profile type="feComClient">
        <name>feClinet</name>
        <port>127.0.0.1:10010</port>
        <state>false</state>
        <timeout>2</timeout>
        <txfs>02</txfs>
        <totalRecv>0</totalRecv>
        <totalSend>0</totalSend>
        <perMinuteRecv>0</perMinuteRecv>
        <perMinuteSend>0</perMinuteSend>
        <lastRecv>11:14:13</lastRecv>
        <lastSend>08:00:00</lastSend>
    </sockclient-profile>
2010-02-19 11:14:24 [gTimerThread] TimerScheduler.java:118 - 执行定时器：AsyncService
2010-02-19 11:14:24 [gTimerThread] TimerScheduler.java:118 - 执行定时器：
    <sockclient-profile type="intfClient">
        <name>intfClient</name>
        <port>127.0.0.1:10030</port>
        <state>false</state>
        <timeout>2</timeout>
        <txfs>02</txfs>
        <totalRecv>0</totalRecv>
        <totalSend>0</totalSend>
        <perMinuteRecv>0</perMinuteRecv>
        <perMinuteSend>0</perMinuteSend>
        <lastRecv>11:14:13</lastRecv>
        <lastSend>08:00:00</lastSend>
    </sockclient-profile>
2010-02-19 11:14:24 [gTimerThread] TimerScheduler.java:118 - 执行定时器：
    <sockclient-profile type="timeCorrectorClient">
        <name>timeCorrectorClient</name>
        <port>127.0.0.1:10040</port>
        <state>false</state>
        <timeout>2</timeout>
        <txfs>02</txfs>
        <totalRecv>0</totalRecv>
        <totalSend>0</totalSend>
        <perMinuteRecv>0</perMinuteRecv>
        <perMinuteSend>0</perMinuteSend>
        <lastRecv>11:14:13</lastRecv>
        <lastSend>08:00:00</lastSend>
    </sockclient-profile>
2010-02-19 11:14:24 [gTimerThread] TimerScheduler.java:118 - 执行定时器：
    <sockclient-profile type="rereadTaskClient">
        <name>rereadTaskClient</name>
        <port>127.0.0.1:10045</port>
        <state>false</state>
        <timeout>2</timeout>
        <txfs>02</txfs>
        <totalRecv>0</totalRecv>
        <totalSend>0</totalSend>
        <perMinuteRecv>0</perMinuteRecv>
        <perMinuteSend>0</perMinuteSend>
        <lastRecv>11:14:13</lastRecv>
        <lastSend>08:00:00</lastSend>
    </sockclient-profile>
2010-02-19 11:14:26 [gTimerThread] TimerScheduler.java:118 - 执行定时器：
    <sockclient-profile type="feComClient">
        <name>feClinet</name>
        <port>127.0.0.1:10010</port>
        <state>false</state>
        <timeout>2</timeout>
        <txfs>02</txfs>
        <totalRecv>0</totalRecv>
        <totalSend>0</totalSend>
        <perMinuteRecv>0</perMinuteRecv>
        <perMinuteSend>0</perMinuteSend>
        <lastRecv>11:14:13</lastRecv>
        <lastSend>08:00:00</lastSend>
    </sockclient-profile>
2010-02-19 11:14:26 [gTimerThread] TimerScheduler.java:118 - 执行定时器：
    <sockclient-profile type="intfClient">
        <name>intfClient</name>
        <port>127.0.0.1:10030</port>
        <state>false</state>
        <timeout>2</timeout>
        <txfs>02</txfs>
        <totalRecv>0</totalRecv>
        <totalSend>0</totalSend>
        <perMinuteRecv>0</perMinuteRecv>
        <perMinuteSend>0</perMinuteSend>
        <lastRecv>11:14:13</lastRecv>
        <lastSend>08:00:00</lastSend>
    </sockclient-profile>
2010-02-19 11:14:26 [gTimerThread] TimerScheduler.java:118 - 执行定时器：
    <sockclient-profile type="timeCorrectorClient">
        <name>timeCorrectorClient</name>
        <port>127.0.0.1:10040</port>
        <state>false</state>
        <timeout>2</timeout>
        <txfs>02</txfs>
        <totalRecv>0</totalRecv>
        <totalSend>0</totalSend>
        <perMinuteRecv>0</perMinuteRecv>
        <perMinuteSend>0</perMinuteSend>
        <lastRecv>11:14:13</lastRecv>
        <lastSend>08:00:00</lastSend>
    </sockclient-profile>
2010-02-19 11:14:26 [gTimerThread] TimerScheduler.java:118 - 执行定时器：
    <sockclient-profile type="rereadTaskClient">
        <name>rereadTaskClient</name>
        <port>127.0.0.1:10045</port>
        <state>false</state>
        <timeout>2</timeout>
        <txfs>02</txfs>
        <totalRecv>0</totalRecv>
        <totalSend>0</totalSend>
        <perMinuteRecv>0</perMinuteRecv>
        <perMinuteSend>0</perMinuteSend>
        <lastRecv>11:14:13</lastRecv>
        <lastSend>08:00:00</lastSend>
    </sockclient-profile>
2010-02-19 11:14:28 [gTimerThread] TimerScheduler.java:118 - 执行定时器：
    <sockclient-profile type="feComClient">
        <name>feClinet</name>
        <port>127.0.0.1:10010</port>
        <state>false</state>
        <timeout>2</timeout>
        <txfs>02</txfs>
        <totalRecv>0</totalRecv>
        <totalSend>0</totalSend>
        <perMinuteRecv>0</perMinuteRecv>
        <perMinuteSend>0</perMinuteSend>
        <lastRecv>11:14:13</lastRecv>
        <lastSend>08:00:00</lastSend>
    </sockclient-profile>
2010-02-19 11:14:28 [gTimerThread] TimerScheduler.java:118 - 执行定时器：
    <sockclient-profile type="intfClient">
        <name>intfClient</name>
        <port>127.0.0.1:10030</port>
        <state>false</state>
        <timeout>2</timeout>
        <txfs>02</txfs>
        <totalRecv>0</totalRecv>
        <totalSend>0</totalSend>
        <perMinuteRecv>0</perMinuteRecv>
        <perMinuteSend>0</perMinuteSend>
        <lastRecv>11:14:13</lastRecv>
        <lastSend>08:00:00</lastSend>
    </sockclient-profile>
2010-02-19 11:14:28 [gTimerThread] TimerScheduler.java:118 - 执行定时器：
    <sockclient-profile type="timeCorrectorClient">
        <name>timeCorrectorClient</name>
        <port>127.0.0.1:10040</port>
        <state>false</state>
        <timeout>2</timeout>
        <txfs>02</txfs>
        <totalRecv>0</totalRecv>
        <totalSend>0</totalSend>
        <perMinuteRecv>0</perMinuteRecv>
        <perMinuteSend>0</perMinuteSend>
        <lastRecv>11:14:13</lastRecv>
        <lastSend>08:00:00</lastSend>
    </sockclient-profile>
2010-02-19 11:14:28 [gTimerThread] TimerScheduler.java:118 - 执行定时器：
    <sockclient-profile type="rereadTaskClient">
        <name>rereadTaskClient</name>
        <port>127.0.0.1:10045</port>
        <state>false</state>
        <timeout>2</timeout>
        <txfs>02</txfs>
        <totalRecv>0</totalRecv>
        <totalSend>0</totalSend>
        <perMinuteRecv>0</perMinuteRecv>
        <perMinuteSend>0</perMinuteSend>
        <lastRecv>11:14:13</lastRecv>
        <lastSend>08:00:00</lastSend>
    </sockclient-profile>
2010-02-19 11:14:29 [gTimerThread] TimerScheduler.java:118 - 执行定时器：AsyncService
2010-02-19 11:14:30 [gTimerThread] TimerScheduler.java:118 - 执行定时器：
    <sockclient-profile type="feComClient">
        <name>feClinet</name>
        <port>127.0.0.1:10010</port>
        <state>false</state>
        <timeout>2</timeout>
        <txfs>02</txfs>
        <totalRecv>0</totalRecv>
        <totalSend>0</totalSend>
        <perMinuteRecv>0</perMinuteRecv>
        <perMinuteSend>0</perMinuteSend>
        <lastRecv>11:14:13</lastRecv>
        <lastSend>08:00:00</lastSend>
    </sockclient-profile>
2010-02-19 11:14:30 [gTimerThread] TimerScheduler.java:118 - 执行定时器：
    <sockclient-profile type="intfClient">
        <name>intfClient</name>
        <port>127.0.0.1:10030</port>
        <state>false</state>
        <timeout>2</timeout>
        <txfs>02</txfs>
        <totalRecv>0</totalRecv>
        <totalSend>0</totalSend>
        <perMinuteRecv>0</perMinuteRecv>
        <perMinuteSend>0</perMinuteSend>
        <lastRecv>11:14:13</lastRecv>
        <lastSend>08:00:00</lastSend>
    </sockclient-profile>
2010-02-19 11:14:30 [gTimerThread] TimerScheduler.java:118 - 执行定时器：
    <sockclient-profile type="timeCorrectorClient">
        <name>timeCorrectorClient</name>
        <port>127.0.0.1:10040</port>
        <state>false</state>
        <timeout>2</timeout>
        <txfs>02</txfs>
        <totalRecv>0</totalRecv>
        <totalSend>0</totalSend>
        <perMinuteRecv>0</perMinuteRecv>
        <perMinuteSend>0</perMinuteSend>
        <lastRecv>11:14:13</lastRecv>
        <lastSend>08:00:00</lastSend>
    </sockclient-profile>
2010-02-19 11:14:30 [gTimerThread] TimerScheduler.java:118 - 执行定时器：
    <sockclient-profile type="rereadTaskClient">
        <name>rereadTaskClient</name>
        <port>127.0.0.1:10045</port>
        <state>false</state>
        <timeout>2</timeout>
        <txfs>02</txfs>
        <totalRecv>0</totalRecv>
        <totalSend>0</totalSend>
        <perMinuteRecv>0</perMinuteRecv>
        <perMinuteSend>0</perMinuteSend>
        <lastRecv>11:14:13</lastRecv>
        <lastSend>08:00:00</lastSend>
    </sockclient-profile>
2010-02-19 11:14:32 [gTimerThread] TimerScheduler.java:118 - 执行定时器：
    <sockclient-profile type="feComClient">
        <name>feClinet</name>
        <port>127.0.0.1:10010</port>
        <state>false</state>
        <timeout>2</timeout>
        <txfs>02</txfs>
        <totalRecv>0</totalRecv>
        <totalSend>0</totalSend>
        <perMinuteRecv>0</perMinuteRecv>
        <perMinuteSend>0</perMinuteSend>
        <lastRecv>11:14:13</lastRecv>
        <lastSend>08:00:00</lastSend>
    </sockclient-profile>
2010-02-19 11:14:32 [gTimerThread] TimerScheduler.java:118 - 执行定时器：
    <sockclient-profile type="intfClient">
        <name>intfClient</name>
        <port>127.0.0.1:10030</port>
        <state>false</state>
        <timeout>2</timeout>
        <txfs>02</txfs>
        <totalRecv>0</totalRecv>
        <totalSend>0</totalSend>
        <perMinuteRecv>0</perMinuteRecv>
        <perMinuteSend>0</perMinuteSend>
        <lastRecv>11:14:13</lastRecv>
        <lastSend>08:00:00</lastSend>
    </sockclient-profile>
2010-02-19 11:14:32 [gTimerThread] TimerScheduler.java:118 - 执行定时器：
    <sockclient-profile type="timeCorrectorClient">
        <name>timeCorrectorClient</name>
        <port>127.0.0.1:10040</port>
        <state>false</state>
        <timeout>2</timeout>
        <txfs>02</txfs>
        <totalRecv>0</totalRecv>
        <totalSend>0</totalSend>
        <perMinuteRecv>0</perMinuteRecv>
        <perMinuteSend>0</perMinuteSend>
        <lastRecv>11:14:13</lastRecv>
        <lastSend>08:00:00</lastSend>
    </sockclient-profile>
2010-02-19 11:14:32 [gTimerThread] TimerScheduler.java:118 - 执行定时器：
    <sockclient-profile type="rereadTaskClient">
        <name>rereadTaskClient</name>
        <port>127.0.0.1:10045</port>
        <state>false</state>
        <timeout>2</timeout>
        <txfs>02</txfs>
        <totalRecv>0</totalRecv>
        <totalSend>0</totalSend>
        <perMinuteRecv>0</perMinuteRecv>
        <perMinuteSend>0</perMinuteSend>
        <lastRecv>11:14:13</lastRecv>
        <lastSend>08:00:00</lastSend>
    </sockclient-profile>
2010-02-19 11:14:34 [gTimerThread] TimerScheduler.java:118 - 执行定时器：
    <sockclient-profile type="feComClient">
        <name>feClinet</name>
        <port>127.0.0.1:10010</port>
        <state>false</state>
        <timeout>2</timeout>
        <txfs>02</txfs>
        <totalRecv>0</totalRecv>
        <totalSend>0</totalSend>
        <perMinuteRecv>0</perMinuteRecv>
        <perMinuteSend>0</perMinuteSend>
        <lastRecv>11:14:13</lastRecv>
        <lastSend>08:00:00</lastSend>
    </sockclient-profile>
2010-02-19 11:14:34 [gTimerThread] TimerScheduler.java:118 - 执行定时器：AsyncService
2010-02-19 11:14:34 [gTimerThread] TimerScheduler.java:118 - 执行定时器：
    <sockclient-profile type="intfClient">
        <name>intfClient</name>
        <port>127.0.0.1:10030</port>
        <state>false</state>
        <timeout>2</timeout>
        <txfs>02</txfs>
        <totalRecv>0</totalRecv>
        <totalSend>0</totalSend>
        <perMinuteRecv>0</perMinuteRecv>
        <perMinuteSend>0</perMinuteSend>
        <lastRecv>11:14:13</lastRecv>
        <lastSend>08:00:00</lastSend>
    </sockclient-profile>
2010-02-19 11:14:34 [gTimerThread] TimerScheduler.java:118 - 执行定时器：
    <sockclient-profile type="timeCorrectorClient">
        <name>timeCorrectorClient</name>
        <port>127.0.0.1:10040</port>
        <state>false</state>
        <timeout>2</timeout>
        <txfs>02</txfs>
        <totalRecv>0</totalRecv>
        <totalSend>0</totalSend>
        <perMinuteRecv>0</perMinuteRecv>
        <perMinuteSend>0</perMinuteSend>
        <lastRecv>11:14:13</lastRecv>
        <lastSend>08:00:00</lastSend>
    </sockclient-profile>
2010-02-19 11:14:34 [gTimerThread] TimerScheduler.java:118 - 执行定时器：
    <sockclient-profile type="rereadTaskClient">
        <name>rereadTaskClient</name>
        <port>127.0.0.1:10045</port>
        <state>false</state>
        <timeout>2</timeout>
        <txfs>02</txfs>
        <totalRecv>0</totalRecv>
        <totalSend>0</totalSend>
        <perMinuteRecv>0</perMinuteRecv>
        <perMinuteSend>0</perMinuteSend>
        <lastRecv>11:14:13</lastRecv>
        <lastSend>08:00:00</lastSend>
    </sockclient-profile>
2010-02-19 11:14:36 [gTimerThread] TimerScheduler.java:118 - 执行定时器：
    <sockclient-profile type="feComClient">
        <name>feClinet</name>
        <port>127.0.0.1:10010</port>
        <state>false</state>
        <timeout>2</timeout>
        <txfs>02</txfs>
        <totalRecv>0</totalRecv>
        <totalSend>0</totalSend>
        <perMinuteRecv>0</perMinuteRecv>
        <perMinuteSend>0</perMinuteSend>
        <lastRecv>11:14:13</lastRecv>
        <lastSend>08:00:00</lastSend>
    </sockclient-profile>
2010-02-19 11:14:36 [gTimerThread] TimerScheduler.java:118 - 执行定时器：
    <sockclient-profile type="intfClient">
        <name>intfClient</name>
        <port>127.0.0.1:10030</port>
        <state>false</state>
        <timeout>2</timeout>
        <txfs>02</txfs>
        <totalRecv>0</totalRecv>
        <totalSend>0</totalSend>
        <perMinuteRecv>0</perMinuteRecv>
        <perMinuteSend>0</perMinuteSend>
        <lastRecv>11:14:13</lastRecv>
        <lastSend>08:00:00</lastSend>
    </sockclient-profile>
2010-02-19 11:14:36 [gTimerThread] TimerScheduler.java:118 - 执行定时器：
    <sockclient-profile type="timeCorrectorClient">
        <name>timeCorrectorClient</name>
        <port>127.0.0.1:10040</port>
        <state>false</state>
        <timeout>2</timeout>
        <txfs>02</txfs>
        <totalRecv>0</totalRecv>
        <totalSend>0</totalSend>
        <perMinuteRecv>0</perMinuteRecv>
        <perMinuteSend>0</perMinuteSend>
        <lastRecv>11:14:13</lastRecv>
        <lastSend>08:00:00</lastSend>
    </sockclient-profile>
2010-02-19 11:14:36 [gTimerThread] TimerScheduler.java:118 - 执行定时器：
    <sockclient-profile type="rereadTaskClient">
        <name>rereadTaskClient</name>
        <port>127.0.0.1:10045</port>
        <state>false</state>
        <timeout>2</timeout>
        <txfs>02</txfs>
        <totalRecv>0</totalRecv>
        <totalSend>0</totalSend>
        <perMinuteRecv>0</perMinuteRecv>
        <perMinuteSend>0</perMinuteSend>
        <lastRecv>11:14:13</lastRecv>
        <lastSend>08:00:00</lastSend>
    </sockclient-profile>
2010-02-19 11:14:38 [gTimerThread] TimerScheduler.java:118 - 执行定时器：
    <sockclient-profile type="feComClient">
        <name>feClinet</name>
        <port>127.0.0.1:10010</port>
        <state>false</state>
        <timeout>2</timeout>
        <txfs>02</txfs>
        <totalRecv>0</totalRecv>
        <totalSend>0</totalSend>
        <perMinuteRecv>0</perMinuteRecv>
        <perMinuteSend>0</perMinuteSend>
        <lastRecv>11:14:13</lastRecv>
        <lastSend>08:00:00</lastSend>
    </sockclient-profile>
2010-02-19 11:14:38 [gTimerThread] TimerScheduler.java:118 - 执行定时器：
    <sockclient-profile type="intfClient">
        <name>intfClient</name>
        <port>127.0.0.1:10030</port>
        <state>false</state>
        <timeout>2</timeout>
        <txfs>02</txfs>
        <totalRecv>0</totalRecv>
        <totalSend>0</totalSend>
        <perMinuteRecv>0</perMinuteRecv>
        <perMinuteSend>0</perMinuteSend>
        <lastRecv>11:14:13</lastRecv>
        <lastSend>08:00:00</lastSend>
    </sockclient-profile>
2010-02-19 11:14:38 [gTimerThread] TimerScheduler.java:118 - 执行定时器：
    <sockclient-profile type="timeCorrectorClient">
        <name>timeCorrectorClient</name>
        <port>127.0.0.1:10040</port>
        <state>false</state>
        <timeout>2</timeout>
        <txfs>02</txfs>
        <totalRecv>0</totalRecv>
        <totalSend>0</totalSend>
        <perMinuteRecv>0</perMinuteRecv>
        <perMinuteSend>0</perMinuteSend>
        <lastRecv>11:14:13</lastRecv>
        <lastSend>08:00:00</lastSend>
    </sockclient-profile>
2010-02-19 11:14:38 [gTimerThread] TimerScheduler.java:118 - 执行定时器：
    <sockclient-profile type="rereadTaskClient">
        <name>rereadTaskClient</name>
        <port>127.0.0.1:10045</port>
        <state>false</state>
        <timeout>2</timeout>
        <txfs>02</txfs>
        <totalRecv>0</totalRecv>
        <totalSend>0</totalSend>
        <perMinuteRecv>0</perMinuteRecv>
        <perMinuteSend>0</perMinuteSend>
        <lastRecv>11:14:13</lastRecv>
        <lastSend>08:00:00</lastSend>
    </sockclient-profile>
2010-02-19 11:14:39 [gTimerThread] TimerScheduler.java:118 - 执行定时器：AsyncService
2010-02-19 11:14:40 [gTimerThread] TimerScheduler.java:118 - 执行定时器：
    <sockclient-profile type="feComClient">
        <name>feClinet</name>
        <port>127.0.0.1:10010</port>
        <state>false</state>
        <timeout>2</timeout>
        <txfs>02</txfs>
        <totalRecv>0</totalRecv>
        <totalSend>0</totalSend>
        <perMinuteRecv>0</perMinuteRecv>
        <perMinuteSend>0</perMinuteSend>
        <lastRecv>11:14:13</lastRecv>
        <lastSend>08:00:00</lastSend>
    </sockclient-profile>
2010-02-19 11:14:40 [gTimerThread] TimerScheduler.java:118 - 执行定时器：
    <sockclient-profile type="intfClient">
        <name>intfClient</name>
        <port>127.0.0.1:10030</port>
        <state>false</state>
        <timeout>2</timeout>
        <txfs>02</txfs>
        <totalRecv>0</totalRecv>
        <totalSend>0</totalSend>
        <perMinuteRecv>0</perMinuteRecv>
        <perMinuteSend>0</perMinuteSend>
        <lastRecv>11:14:13</lastRecv>
        <lastSend>08:00:00</lastSend>
    </sockclient-profile>
2010-02-19 11:14:40 [gTimerThread] TimerScheduler.java:118 - 执行定时器：
    <sockclient-profile type="timeCorrectorClient">
        <name>timeCorrectorClient</name>
        <port>127.0.0.1:10040</port>
        <state>false</state>
        <timeout>2</timeout>
        <txfs>02</txfs>
        <totalRecv>0</totalRecv>
        <totalSend>0</totalSend>
        <perMinuteRecv>0</perMinuteRecv>
        <perMinuteSend>0</perMinuteSend>
        <lastRecv>11:14:13</lastRecv>
        <lastSend>08:00:00</lastSend>
    </sockclient-profile>
2010-02-19 11:14:40 [gTimerThread] TimerScheduler.java:118 - 执行定时器：
    <sockclient-profile type="rereadTaskClient">
        <name>rereadTaskClient</name>
        <port>127.0.0.1:10045</port>
        <state>false</state>
        <timeout>2</timeout>
        <txfs>02</txfs>
        <totalRecv>0</totalRecv>
        <totalSend>0</totalSend>
        <perMinuteRecv>0</perMinuteRecv>
        <perMinuteSend>0</perMinuteSend>
        <lastRecv>11:14:13</lastRecv>
        <lastSend>08:00:00</lastSend>
    </sockclient-profile>
2010-02-19 11:14:42 [gTimerThread] TimerScheduler.java:118 - 执行定时器：
    <sockclient-profile type="feComClient">
        <name>feClinet</name>
        <port>127.0.0.1:10010</port>
        <state>false</state>
        <timeout>2</timeout>
        <txfs>02</txfs>
        <totalRecv>0</totalRecv>
        <totalSend>0</totalSend>
        <perMinuteRecv>0</perMinuteRecv>
        <perMinuteSend>0</perMinuteSend>
        <lastRecv>11:14:13</lastRecv>
        <lastSend>08:00:00</lastSend>
    </sockclient-profile>
2010-02-19 11:14:42 [gTimerThread] TimerScheduler.java:118 - 执行定时器：
    <sockclient-profile type="intfClient">
        <name>intfClient</name>
        <port>127.0.0.1:10030</port>
        <state>false</state>
        <timeout>2</timeout>
        <txfs>02</txfs>
        <totalRecv>0</totalRecv>
        <totalSend>0</totalSend>
        <perMinuteRecv>0</perMinuteRecv>
        <perMinuteSend>0</perMinuteSend>
        <lastRecv>11:14:13</lastRecv>
        <lastSend>08:00:00</lastSend>
    </sockclient-profile>
2010-02-19 11:14:42 [gTimerThread] TimerScheduler.java:118 - 执行定时器：
    <sockclient-profile type="timeCorrectorClient">
        <name>timeCorrectorClient</name>
        <port>127.0.0.1:10040</port>
        <state>false</state>
        <timeout>2</timeout>
        <txfs>02</txfs>
        <totalRecv>0</totalRecv>
        <totalSend>0</totalSend>
        <perMinuteRecv>0</perMinuteRecv>
        <perMinuteSend>0</perMinuteSend>
        <lastRecv>11:14:13</lastRecv>
        <lastSend>08:00:00</lastSend>
    </sockclient-profile>
2010-02-19 11:14:42 [gTimerThread] TimerScheduler.java:118 - 执行定时器：
    <sockclient-profile type="rereadTaskClient">
        <name>rereadTaskClient</name>
        <port>127.0.0.1:10045</port>
        <state>false</state>
        <timeout>2</timeout>
        <txfs>02</txfs>
        <totalRecv>0</totalRecv>
        <totalSend>0</totalSend>
        <perMinuteRecv>0</perMinuteRecv>
        <perMinuteSend>0</perMinuteSend>
        <lastRecv>11:14:13</lastRecv>
        <lastSend>08:00:00</lastSend>
    </sockclient-profile>
2010-02-19 11:14:44 [gTimerThread] TimerScheduler.java:118 - 执行定时器：web.EventHook[web.EventHook.1,idle];[web.EventHook.2,idle];
2010-02-19 11:14:44 [gTimerThread] TimerScheduler.java:118 - 执行定时器：监控10006EH[监控10006EH.3,idle];[监控10006EH.4,idle];
2010-02-19 11:14:44 [gTimerThread] TimerScheduler.java:118 - 执行定时器：
    <sockclient-profile type="feComClient">
        <name>feClinet</name>
        <port>127.0.0.1:10010</port>
        <state>false</state>
        <timeout>2</timeout>
        <txfs>02</txfs>
        <totalRecv>0</totalRecv>
        <totalSend>0</totalSend>
        <perMinuteRecv>0</perMinuteRecv>
        <perMinuteSend>0</perMinuteSend>
        <lastRecv>11:14:13</lastRecv>
        <lastSend>08:00:00</lastSend>
    </sockclient-profile>
2010-02-19 11:14:44 [gTimerThread] TimerScheduler.java:118 - 执行定时器：batchService[batchService.5,idle];[batchService.7,idle];[batchService.6,idle];[batchService.8,idle];
2010-02-19 11:14:44 [gTimerThread] TimerScheduler.java:118 - 执行定时器：AsyncService
2010-02-19 11:14:44 [gTimerThread] TimerScheduler.java:118 - 执行定时器：
    <sockclient-profile type="intfClient">
        <name>intfClient</name>
        <port>127.0.0.1:10030</port>
        <state>false</state>
        <timeout>2</timeout>
        <txfs>02</txfs>
        <totalRecv>0</totalRecv>
        <totalSend>0</totalSend>
        <perMinuteRecv>0</perMinuteRecv>
        <perMinuteSend>0</perMinuteSend>
        <lastRecv>11:14:13</lastRecv>
        <lastSend>08:00:00</lastSend>
    </sockclient-profile>
2010-02-19 11:14:44 [gTimerThread] TimerScheduler.java:118 - 执行定时器：
    <sockclient-profile type="timeCorrectorClient">
        <name>timeCorrectorClient</name>
        <port>127.0.0.1:10040</port>
        <state>false</state>
        <timeout>2</timeout>
        <txfs>02</txfs>
        <totalRecv>0</totalRecv>
        <totalSend>0</totalSend>
        <perMinuteRecv>0</perMinuteRecv>
        <perMinuteSend>0</perMinuteSend>
        <lastRecv>11:14:13</lastRecv>
        <lastSend>08:00:00</lastSend>
    </sockclient-profile>
2010-02-19 11:14:44 [gTimerThread] TimerScheduler.java:118 - 执行定时器：
    <sockclient-profile type="rereadTaskClient">
        <name>rereadTaskClient</name>
        <port>127.0.0.1:10045</port>
        <state>false</state>
        <timeout>2</timeout>
        <txfs>02</txfs>
        <totalRecv>0</totalRecv>
        <totalSend>0</totalSend>
        <perMinuteRecv>0</perMinuteRecv>
        <perMinuteSend>0</perMinuteSend>
        <lastRecv>11:14:13</lastRecv>
        <lastSend>08:00:00</lastSend>
    </sockclient-profile>
2010-02-19 11:14:46 [gTimerThread] TimerScheduler.java:118 - 执行定时器：
    <sockclient-profile type="feComClient">
        <name>feClinet</name>
        <port>127.0.0.1:10010</port>
        <state>false</state>
        <timeout>2</timeout>
        <txfs>02</txfs>
        <totalRecv>0</totalRecv>
        <totalSend>0</totalSend>
        <perMinuteRecv>0</perMinuteRecv>
        <perMinuteSend>0</perMinuteSend>
        <lastRecv>11:14:13</lastRecv>
        <lastSend>08:00:00</lastSend>
    </sockclient-profile>
2010-02-19 11:14:46 [gTimerThread] TimerScheduler.java:118 - 执行定时器：
    <sockclient-profile type="intfClient">
        <name>intfClient</name>
        <port>127.0.0.1:10030</port>
        <state>false</state>
        <timeout>2</timeout>
        <txfs>02</txfs>
        <totalRecv>0</totalRecv>
        <totalSend>0</totalSend>
        <perMinuteRecv>0</perMinuteRecv>
        <perMinuteSend>0</perMinuteSend>
        <lastRecv>11:14:13</lastRecv>
        <lastSend>08:00:00</lastSend>
    </sockclient-profile>
2010-02-19 11:14:46 [gTimerThread] TimerScheduler.java:118 - 执行定时器：
    <sockclient-profile type="timeCorrectorClient">
        <name>timeCorrectorClient</name>
        <port>127.0.0.1:10040</port>
        <state>false</state>
        <timeout>2</timeout>
        <txfs>02</txfs>
        <totalRecv>0</totalRecv>
        <totalSend>0</totalSend>
        <perMinuteRecv>0</perMinuteRecv>
        <perMinuteSend>0</perMinuteSend>
        <lastRecv>11:14:13</lastRecv>
        <lastSend>08:00:00</lastSend>
    </sockclient-profile>
2010-02-19 11:14:46 [gTimerThread] TimerScheduler.java:118 - 执行定时器：
    <sockclient-profile type="rereadTaskClient">
        <name>rereadTaskClient</name>
        <port>127.0.0.1:10045</port>
        <state>false</state>
        <timeout>2</timeout>
        <txfs>02</txfs>
        <totalRecv>0</totalRecv>
        <totalSend>0</totalSend>
        <perMinuteRecv>0</perMinuteRecv>
        <perMinuteSend>0</perMinuteSend>
        <lastRecv>11:14:13</lastRecv>
        <lastSend>08:00:00</lastSend>
    </sockclient-profile>
2010-02-19 11:14:48 [gTimerThread] TimerScheduler.java:118 - 执行定时器：
    <sockclient-profile type="feComClient">
        <name>feClinet</name>
        <port>127.0.0.1:10010</port>
        <state>false</state>
        <timeout>2</timeout>
        <txfs>02</txfs>
        <totalRecv>0</totalRecv>
        <totalSend>0</totalSend>
        <perMinuteRecv>0</perMinuteRecv>
        <perMinuteSend>0</perMinuteSend>
        <lastRecv>11:14:13</lastRecv>
        <lastSend>08:00:00</lastSend>
    </sockclient-profile>
2010-02-19 11:14:48 [gTimerThread] TimerScheduler.java:118 - 执行定时器：
    <sockclient-profile type="intfClient">
        <name>intfClient</name>
        <port>127.0.0.1:10030</port>
        <state>false</state>
        <timeout>2</timeout>
        <txfs>02</txfs>
        <totalRecv>0</totalRecv>
        <totalSend>0</totalSend>
        <perMinuteRecv>0</perMinuteRecv>
        <perMinuteSend>0</perMinuteSend>
        <lastRecv>11:14:13</lastRecv>
        <lastSend>08:00:00</lastSend>
    </sockclient-profile>
2010-02-19 11:14:48 [gTimerThread] TimerScheduler.java:118 - 执行定时器：
    <sockclient-profile type="timeCorrectorClient">
        <name>timeCorrectorClient</name>
        <port>127.0.0.1:10040</port>
        <state>false</state>
        <timeout>2</timeout>
        <txfs>02</txfs>
        <totalRecv>0</totalRecv>
        <totalSend>0</totalSend>
        <perMinuteRecv>0</perMinuteRecv>
        <perMinuteSend>0</perMinuteSend>
        <lastRecv>11:14:13</lastRecv>
        <lastSend>08:00:00</lastSend>
    </sockclient-profile>
2010-02-19 11:14:48 [gTimerThread] TimerScheduler.java:118 - 执行定时器：
    <sockclient-profile type="rereadTaskClient">
        <name>rereadTaskClient</name>
        <port>127.0.0.1:10045</port>
        <state>false</state>
        <timeout>2</timeout>
        <txfs>02</txfs>
        <totalRecv>0</totalRecv>
        <totalSend>0</totalSend>
        <perMinuteRecv>0</perMinuteRecv>
        <perMinuteSend>0</perMinuteSend>
        <lastRecv>11:14:13</lastRecv>
        <lastSend>08:00:00</lastSend>
    </sockclient-profile>
2010-02-19 11:14:49 [gTimerThread] TimerScheduler.java:118 - 执行定时器：AsyncService
2010-02-19 11:14:50 [gTimerThread] TimerScheduler.java:118 - 执行定时器：
    <sockclient-profile type="feComClient">
        <name>feClinet</name>
        <port>127.0.0.1:10010</port>
        <state>false</state>
        <timeout>2</timeout>
        <txfs>02</txfs>
        <totalRecv>0</totalRecv>
        <totalSend>0</totalSend>
        <perMinuteRecv>0</perMinuteRecv>
        <perMinuteSend>0</perMinuteSend>
        <lastRecv>11:14:13</lastRecv>
        <lastSend>08:00:00</lastSend>
    </sockclient-profile>
2010-02-19 11:14:50 [gTimerThread] TimerScheduler.java:118 - 执行定时器：
    <sockclient-profile type="intfClient">
        <name>intfClient</name>
        <port>127.0.0.1:10030</port>
        <state>false</state>
        <timeout>2</timeout>
        <txfs>02</txfs>
        <totalRecv>0</totalRecv>
        <totalSend>0</totalSend>
        <perMinuteRecv>0</perMinuteRecv>
        <perMinuteSend>0</perMinuteSend>
        <lastRecv>11:14:13</lastRecv>
        <lastSend>08:00:00</lastSend>
    </sockclient-profile>
2010-02-19 11:14:50 [gTimerThread] TimerScheduler.java:118 - 执行定时器：
    <sockclient-profile type="timeCorrectorClient">
        <name>timeCorrectorClient</name>
        <port>127.0.0.1:10040</port>
        <state>false</state>
        <timeout>2</timeout>
        <txfs>02</txfs>
        <totalRecv>0</totalRecv>
        <totalSend>0</totalSend>
        <perMinuteRecv>0</perMinuteRecv>
        <perMinuteSend>0</perMinuteSend>
        <lastRecv>11:14:13</lastRecv>
        <lastSend>08:00:00</lastSend>
    </sockclient-profile>
2010-02-19 11:14:50 [gTimerThread] TimerScheduler.java:118 - 执行定时器：
    <sockclient-profile type="rereadTaskClient">
        <name>rereadTaskClient</name>
        <port>127.0.0.1:10045</port>
        <state>false</state>
        <timeout>2</timeout>
        <txfs>02</txfs>
        <totalRecv>0</totalRecv>
        <totalSend>0</totalSend>
        <perMinuteRecv>0</perMinuteRecv>
        <perMinuteSend>0</perMinuteSend>
        <lastRecv>11:14:13</lastRecv>
        <lastSend>08:00:00</lastSend>
    </sockclient-profile>
2010-02-19 11:14:52 [gTimerThread] TimerScheduler.java:118 - 执行定时器：
    <sockclient-profile type="feComClient">
        <name>feClinet</name>
        <port>127.0.0.1:10010</port>
        <state>false</state>
        <timeout>2</timeout>
        <txfs>02</txfs>
        <totalRecv>0</totalRecv>
        <totalSend>0</totalSend>
        <perMinuteRecv>0</perMinuteRecv>
        <perMinuteSend>0</perMinuteSend>
        <lastRecv>11:14:13</lastRecv>
        <lastSend>08:00:00</lastSend>
    </sockclient-profile>
2010-02-19 11:14:52 [gTimerThread] TimerScheduler.java:118 - 执行定时器：
    <sockclient-profile type="intfClient">
        <name>intfClient</name>
        <port>127.0.0.1:10030</port>
        <state>false</state>
        <timeout>2</timeout>
        <txfs>02</txfs>
        <totalRecv>0</totalRecv>
        <totalSend>0</totalSend>
        <perMinuteRecv>0</perMinuteRecv>
        <perMinuteSend>0</perMinuteSend>
        <lastRecv>11:14:13</lastRecv>
        <lastSend>08:00:00</lastSend>
    </sockclient-profile>
2010-02-19 11:14:52 [gTimerThread] TimerScheduler.java:118 - 执行定时器：
    <sockclient-profile type="timeCorrectorClient">
        <name>timeCorrectorClient</name>
        <port>127.0.0.1:10040</port>
        <state>false</state>
        <timeout>2</timeout>
        <txfs>02</txfs>
        <totalRecv>0</totalRecv>
        <totalSend>0</totalSend>
        <perMinuteRecv>0</perMinuteRecv>
        <perMinuteSend>0</perMinuteSend>
        <lastRecv>11:14:13</lastRecv>
        <lastSend>08:00:00</lastSend>
    </sockclient-profile>
2010-02-19 11:14:52 [gTimerThread] TimerScheduler.java:118 - 执行定时器：
    <sockclient-profile type="rereadTaskClient">
        <name>rereadTaskClient</name>
        <port>127.0.0.1:10045</port>
        <state>false</state>
        <timeout>2</timeout>
        <txfs>02</txfs>
        <totalRecv>0</totalRecv>
        <totalSend>0</totalSend>
        <perMinuteRecv>0</perMinuteRecv>
        <perMinuteSend>0</perMinuteSend>
        <lastRecv>11:14:13</lastRecv>
        <lastSend>08:00:00</lastSend>
    </sockclient-profile>
2010-02-19 11:14:54 [gTimerThread] TimerScheduler.java:118 - 执行定时器：
    <sockclient-profile type="feComClient">
        <name>feClinet</name>
        <port>127.0.0.1:10010</port>
        <state>false</state>
        <timeout>2</timeout>
        <txfs>02</txfs>
        <totalRecv>0</totalRecv>
        <totalSend>0</totalSend>
        <perMinuteRecv>0</perMinuteRecv>
        <perMinuteSend>0</perMinuteSend>
        <lastRecv>11:14:13</lastRecv>
        <lastSend>08:00:00</lastSend>
    </sockclient-profile>
2010-02-19 11:14:54 [gTimerThread] TimerScheduler.java:118 - 执行定时器：AsyncService
2010-02-19 11:14:54 [gTimerThread] TimerScheduler.java:118 - 执行定时器：
    <sockclient-profile type="intfClient">
        <name>intfClient</name>
        <port>127.0.0.1:10030</port>
        <state>false</state>
        <timeout>2</timeout>
        <txfs>02</txfs>
        <totalRecv>0</totalRecv>
        <totalSend>0</totalSend>
        <perMinuteRecv>0</perMinuteRecv>
        <perMinuteSend>0</perMinuteSend>
        <lastRecv>11:14:13</lastRecv>
        <lastSend>08:00:00</lastSend>
    </sockclient-profile>
2010-02-19 11:14:54 [gTimerThread] TimerScheduler.java:118 - 执行定时器：
    <sockclient-profile type="timeCorrectorClient">
        <name>timeCorrectorClient</name>
        <port>127.0.0.1:10040</port>
        <state>false</state>
        <timeout>2</timeout>
        <txfs>02</txfs>
        <totalRecv>0</totalRecv>
        <totalSend>0</totalSend>
        <perMinuteRecv>0</perMinuteRecv>
        <perMinuteSend>0</perMinuteSend>
        <lastRecv>11:14:13</lastRecv>
        <lastSend>08:00:00</lastSend>
    </sockclient-profile>
2010-02-19 11:14:54 [gTimerThread] TimerScheduler.java:118 - 执行定时器：
    <sockclient-profile type="rereadTaskClient">
        <name>rereadTaskClient</name>
        <port>127.0.0.1:10045</port>
        <state>false</state>
        <timeout>2</timeout>
        <txfs>02</txfs>
        <totalRecv>0</totalRecv>
        <totalSend>0</totalSend>
        <perMinuteRecv>0</perMinuteRecv>
        <perMinuteSend>0</perMinuteSend>
        <lastRecv>11:14:13</lastRecv>
        <lastSend>08:00:00</lastSend>
    </sockclient-profile>
2010-02-19 11:14:56 [gTimerThread] TimerScheduler.java:118 - 执行定时器：
    <sockclient-profile type="feComClient">
        <name>feClinet</name>
        <port>127.0.0.1:10010</port>
        <state>false</state>
        <timeout>2</timeout>
        <txfs>02</txfs>
        <totalRecv>0</totalRecv>
        <totalSend>0</totalSend>
        <perMinuteRecv>0</perMinuteRecv>
        <perMinuteSend>0</perMinuteSend>
        <lastRecv>11:14:13</lastRecv>
        <lastSend>08:00:00</lastSend>
    </sockclient-profile>
2010-02-19 11:14:56 [gTimerThread] TimerScheduler.java:118 - 执行定时器：
    <sockclient-profile type="intfClient">
        <name>intfClient</name>
        <port>127.0.0.1:10030</port>
        <state>false</state>
        <timeout>2</timeout>
        <txfs>02</txfs>
        <totalRecv>0</totalRecv>
        <totalSend>0</totalSend>
        <perMinuteRecv>0</perMinuteRecv>
        <perMinuteSend>0</perMinuteSend>
        <lastRecv>11:14:13</lastRecv>
        <lastSend>08:00:00</lastSend>
    </sockclient-profile>
2010-02-19 11:14:56 [gTimerThread] TimerScheduler.java:118 - 执行定时器：
    <sockclient-profile type="timeCorrectorClient">
        <name>timeCorrectorClient</name>
        <port>127.0.0.1:10040</port>
        <state>false</state>
        <timeout>2</timeout>
        <txfs>02</txfs>
        <totalRecv>0</totalRecv>
        <totalSend>0</totalSend>
        <perMinuteRecv>0</perMinuteRecv>
        <perMinuteSend>0</perMinuteSend>
        <lastRecv>11:14:13</lastRecv>
        <lastSend>08:00:00</lastSend>
    </sockclient-profile>
2010-02-19 11:14:56 [gTimerThread] TimerScheduler.java:118 - 执行定时器：
    <sockclient-profile type="rereadTaskClient">
        <name>rereadTaskClient</name>
        <port>127.0.0.1:10045</port>
        <state>false</state>
        <timeout>2</timeout>
        <txfs>02</txfs>
        <totalRecv>0</totalRecv>
        <totalSend>0</totalSend>
        <perMinuteRecv>0</perMinuteRecv>
        <perMinuteSend>0</perMinuteSend>
        <lastRecv>11:14:13</lastRecv>
        <lastSend>08:00:00</lastSend>
    </sockclient-profile>
2010-02-19 11:14:58 [gTimerThread] TimerScheduler.java:118 - 执行定时器：
    <sockclient-profile type="feComClient">
        <name>feClinet</name>
        <port>127.0.0.1:10010</port>
        <state>false</state>
        <timeout>2</timeout>
        <txfs>02</txfs>
        <totalRecv>0</totalRecv>
        <totalSend>0</totalSend>
        <perMinuteRecv>0</perMinuteRecv>
        <perMinuteSend>0</perMinuteSend>
        <lastRecv>11:14:13</lastRecv>
        <lastSend>08:00:00</lastSend>
    </sockclient-profile>
2010-02-19 11:14:58 [gTimerThread] TimerScheduler.java:118 - 执行定时器：
    <sockclient-profile type="intfClient">
        <name>intfClient</name>
        <port>127.0.0.1:10030</port>
        <state>false</state>
        <timeout>2</timeout>
        <txfs>02</txfs>
        <totalRecv>0</totalRecv>
        <totalSend>0</totalSend>
        <perMinuteRecv>0</perMinuteRecv>
        <perMinuteSend>0</perMinuteSend>
        <lastRecv>11:14:13</lastRecv>
        <lastSend>08:00:00</lastSend>
    </sockclient-profile>
2010-02-19 11:14:58 [gTimerThread] TimerScheduler.java:118 - 执行定时器：
    <sockclient-profile type="timeCorrectorClient">
        <name>timeCorrectorClient</name>
        <port>127.0.0.1:10040</port>
        <state>false</state>
        <timeout>2</timeout>
        <txfs>02</txfs>
        <totalRecv>0</totalRecv>
        <totalSend>0</totalSend>
        <perMinuteRecv>0</perMinuteRecv>
        <perMinuteSend>0</perMinuteSend>
        <lastRecv>11:14:13</lastRecv>
        <lastSend>08:00:00</lastSend>
    </sockclient-profile>
2010-02-19 11:14:58 [gTimerThread] TimerScheduler.java:118 - 执行定时器：
    <sockclient-profile type="rereadTaskClient">
        <name>rereadTaskClient</name>
        <port>127.0.0.1:10045</port>
        <state>false</state>
        <timeout>2</timeout>
        <txfs>02</txfs>
        <totalRecv>0</totalRecv>
        <totalSend>0</totalSend>
        <perMinuteRecv>0</perMinuteRecv>
        <perMinuteSend>0</perMinuteSend>
        <lastRecv>11:14:13</lastRecv>
        <lastSend>08:00:00</lastSend>
    </sockclient-profile>
2010-02-19 11:14:59 [gTimerThread] TimerScheduler.java:118 - 执行定时器：AsyncService
2010-02-19 11:15:00 [gTimerThread] TimerScheduler.java:118 - 执行定时器：
    <sockclient-profile type="feComClient">
        <name>feClinet</name>
        <port>127.0.0.1:10010</port>
        <state>false</state>
        <timeout>2</timeout>
        <txfs>02</txfs>
        <totalRecv>0</totalRecv>
        <totalSend>0</totalSend>
        <perMinuteRecv>0</perMinuteRecv>
        <perMinuteSend>0</perMinuteSend>
        <lastRecv>11:14:13</lastRecv>
        <lastSend>08:00:00</lastSend>
    </sockclient-profile>
2010-02-19 11:15:00 [gTimerThread] TimerScheduler.java:118 - 执行定时器：
    <sockclient-profile type="intfClient">
        <name>intfClient</name>
        <port>127.0.0.1:10030</port>
        <state>false</state>
        <timeout>2</timeout>
        <txfs>02</txfs>
        <totalRecv>0</totalRecv>
        <totalSend>0</totalSend>
        <perMinuteRecv>0</perMinuteRecv>
        <perMinuteSend>0</perMinuteSend>
        <lastRecv>11:14:13</lastRecv>
        <lastSend>08:00:00</lastSend>
    </sockclient-profile>
2010-02-19 11:15:00 [gTimerThread] TimerScheduler.java:118 - 执行定时器：
    <sockclient-profile type="timeCorrectorClient">
        <name>timeCorrectorClient</name>
        <port>127.0.0.1:10040</port>
        <state>false</state>
        <timeout>2</timeout>
        <txfs>02</txfs>
        <totalRecv>0</totalRecv>
        <totalSend>0</totalSend>
        <perMinuteRecv>0</perMinuteRecv>
        <perMinuteSend>0</perMinuteSend>
        <lastRecv>11:14:13</lastRecv>
        <lastSend>08:00:00</lastSend>
    </sockclient-profile>
2010-02-19 11:15:00 [gTimerThread] TimerScheduler.java:118 - 执行定时器：
    <sockclient-profile type="rereadTaskClient">
        <name>rereadTaskClient</name>
        <port>127.0.0.1:10045</port>
        <state>false</state>
        <timeout>2</timeout>
        <txfs>02</txfs>
        <totalRecv>0</totalRecv>
        <totalSend>0</totalSend>
        <perMinuteRecv>0</perMinuteRecv>
        <perMinuteSend>0</perMinuteSend>
        <lastRecv>11:14:13</lastRecv>
        <lastSend>08:00:00</lastSend>
    </sockclient-profile>
2010-02-19 11:15:02 [gTimerThread] TimerScheduler.java:118 - 执行定时器：
    <sockclient-profile type="feComClient">
        <name>feClinet</name>
        <port>127.0.0.1:10010</port>
        <state>false</state>
        <timeout>2</timeout>
        <txfs>02</txfs>
        <totalRecv>0</totalRecv>
        <totalSend>0</totalSend>
        <perMinuteRecv>0</perMinuteRecv>
        <perMinuteSend>0</perMinuteSend>
        <lastRecv>11:14:13</lastRecv>
        <lastSend>08:00:00</lastSend>
    </sockclient-profile>
2010-02-19 11:15:02 [gTimerThread] TimerScheduler.java:118 - 执行定时器：
    <sockclient-profile type="intfClient">
        <name>intfClient</name>
        <port>127.0.0.1:10030</port>
        <state>false</state>
        <timeout>2</timeout>
        <txfs>02</txfs>
        <totalRecv>0</totalRecv>
        <totalSend>0</totalSend>
        <perMinuteRecv>0</perMinuteRecv>
        <perMinuteSend>0</perMinuteSend>
        <lastRecv>11:14:13</lastRecv>
        <lastSend>08:00:00</lastSend>
    </sockclient-profile>
2010-02-19 11:15:02 [gTimerThread] TimerScheduler.java:118 - 执行定时器：
    <sockclient-profile type="timeCorrectorClient">
        <name>timeCorrectorClient</name>
        <port>127.0.0.1:10040</port>
        <state>false</state>
        <timeout>2</timeout>
        <txfs>02</txfs>
        <totalRecv>0</totalRecv>
        <totalSend>0</totalSend>
        <perMinuteRecv>0</perMinuteRecv>
        <perMinuteSend>0</perMinuteSend>
        <lastRecv>11:14:13</lastRecv>
        <lastSend>08:00:00</lastSend>
    </sockclient-profile>
2010-02-19 11:15:02 [gTimerThread] TimerScheduler.java:118 - 执行定时器：
    <sockclient-profile type="rereadTaskClient">
        <name>rereadTaskClient</name>
        <port>127.0.0.1:10045</port>
        <state>false</state>
        <timeout>2</timeout>
        <txfs>02</txfs>
        <totalRecv>0</totalRecv>
        <totalSend>0</totalSend>
        <perMinuteRecv>0</perMinuteRecv>
        <perMinuteSend>0</perMinuteSend>
        <lastRecv>11:14:13</lastRecv>
        <lastSend>08:00:00</lastSend>
    </sockclient-profile>
2010-02-19 11:15:04 [gTimerThread] TimerScheduler.java:118 - 执行定时器：
    <sockclient-profile type="feComClient">
        <name>feClinet</name>
        <port>127.0.0.1:10010</port>
        <state>false</state>
        <timeout>2</timeout>
        <txfs>02</txfs>
        <totalRecv>0</totalRecv>
        <totalSend>0</totalSend>
        <perMinuteRecv>0</perMinuteRecv>
        <perMinuteSend>0</perMinuteSend>
        <lastRecv>11:14:13</lastRecv>
        <lastSend>08:00:00</lastSend>
    </sockclient-profile>
2010-02-19 11:15:04 [gTimerThread] TimerScheduler.java:118 - 执行定时器：AsyncService
2010-02-19 11:15:04 [gTimerThread] TimerScheduler.java:118 - 执行定时器：
    <sockclient-profile type="intfClient">
        <name>intfClient</name>
        <port>127.0.0.1:10030</port>
        <state>false</state>
        <timeout>2</timeout>
        <txfs>02</txfs>
        <totalRecv>0</totalRecv>
        <totalSend>0</totalSend>
        <perMinuteRecv>0</perMinuteRecv>
        <perMinuteSend>0</perMinuteSend>
        <lastRecv>11:14:13</lastRecv>
        <lastSend>08:00:00</lastSend>
    </sockclient-profile>
2010-02-19 11:15:04 [gTimerThread] TimerScheduler.java:118 - 执行定时器：
    <sockclient-profile type="timeCorrectorClient">
        <name>timeCorrectorClient</name>
        <port>127.0.0.1:10040</port>
        <state>false</state>
        <timeout>2</timeout>
        <txfs>02</txfs>
        <totalRecv>0</totalRecv>
        <totalSend>0</totalSend>
        <perMinuteRecv>0</perMinuteRecv>
        <perMinuteSend>0</perMinuteSend>
        <lastRecv>11:14:13</lastRecv>
        <lastSend>08:00:00</lastSend>
    </sockclient-profile>
2010-02-19 11:15:04 [gTimerThread] TimerScheduler.java:118 - 执行定时器：
    <sockclient-profile type="rereadTaskClient">
        <name>rereadTaskClient</name>
        <port>127.0.0.1:10045</port>
        <state>false</state>
        <timeout>2</timeout>
        <txfs>02</txfs>
        <totalRecv>0</totalRecv>
        <totalSend>0</totalSend>
        <perMinuteRecv>0</perMinuteRecv>
        <perMinuteSend>0</perMinuteSend>
        <lastRecv>11:14:13</lastRecv>
        <lastSend>08:00:00</lastSend>
    </sockclient-profile>
2010-02-19 11:15:06 [gTimerThread] TimerScheduler.java:118 - 执行定时器：
    <sockclient-profile type="feComClient">
        <name>feClinet</name>
        <port>127.0.0.1:10010</port>
        <state>false</state>
        <timeout>2</timeout>
        <txfs>02</txfs>
        <totalRecv>0</totalRecv>
        <totalSend>0</totalSend>
        <perMinuteRecv>0</perMinuteRecv>
        <perMinuteSend>0</perMinuteSend>
        <lastRecv>11:14:13</lastRecv>
        <lastSend>08:00:00</lastSend>
    </sockclient-profile>
2010-02-19 11:15:06 [gTimerThread] TimerScheduler.java:118 - 执行定时器：
    <sockclient-profile type="intfClient">
        <name>intfClient</name>
        <port>127.0.0.1:10030</port>
        <state>false</state>
        <timeout>2</timeout>
        <txfs>02</txfs>
        <totalRecv>0</totalRecv>
        <totalSend>0</totalSend>
        <perMinuteRecv>0</perMinuteRecv>
        <perMinuteSend>0</perMinuteSend>
        <lastRecv>11:14:13</lastRecv>
        <lastSend>08:00:00</lastSend>
    </sockclient-profile>
2010-02-19 11:15:06 [gTimerThread] TimerScheduler.java:118 - 执行定时器：
    <sockclient-profile type="timeCorrectorClient">
        <name>timeCorrectorClient</name>
        <port>127.0.0.1:10040</port>
        <state>false</state>
        <timeout>2</timeout>
        <txfs>02</txfs>
        <totalRecv>0</totalRecv>
        <totalSend>0</totalSend>
        <perMinuteRecv>0</perMinuteRecv>
        <perMinuteSend>0</perMinuteSend>
        <lastRecv>11:14:13</lastRecv>
        <lastSend>08:00:00</lastSend>
    </sockclient-profile>
2010-02-19 11:15:06 [gTimerThread] TimerScheduler.java:118 - 执行定时器：
    <sockclient-profile type="rereadTaskClient">
        <name>rereadTaskClient</name>
        <port>127.0.0.1:10045</port>
        <state>false</state>
        <timeout>2</timeout>
        <txfs>02</txfs>
        <totalRecv>0</totalRecv>
        <totalSend>0</totalSend>
        <perMinuteRecv>0</perMinuteRecv>
        <perMinuteSend>0</perMinuteSend>
        <lastRecv>11:14:13</lastRecv>
        <lastSend>08:00:00</lastSend>
    </sockclient-profile>
2010-02-19 11:15:08 [gTimerThread] TimerScheduler.java:118 - 执行定时器：
    <sockclient-profile type="feComClient">
        <name>feClinet</name>
        <port>127.0.0.1:10010</port>
        <state>false</state>
        <timeout>2</timeout>
        <txfs>02</txfs>
        <totalRecv>0</totalRecv>
        <totalSend>0</totalSend>
        <perMinuteRecv>0</perMinuteRecv>
        <perMinuteSend>0</perMinuteSend>
        <lastRecv>11:14:13</lastRecv>
        <lastSend>08:00:00</lastSend>
    </sockclient-profile>
2010-02-19 11:15:08 [gTimerThread] TimerScheduler.java:118 - 执行定时器：
    <sockclient-profile type="intfClient">
        <name>intfClient</name>
        <port>127.0.0.1:10030</port>
        <state>false</state>
        <timeout>2</timeout>
        <txfs>02</txfs>
        <totalRecv>0</totalRecv>
        <totalSend>0</totalSend>
        <perMinuteRecv>0</perMinuteRecv>
        <perMinuteSend>0</perMinuteSend>
        <lastRecv>11:14:13</lastRecv>
        <lastSend>08:00:00</lastSend>
    </sockclient-profile>
2010-02-19 11:15:08 [gTimerThread] TimerScheduler.java:118 - 执行定时器：
    <sockclient-profile type="timeCorrectorClient">
        <name>timeCorrectorClient</name>
        <port>127.0.0.1:10040</port>
        <state>false</state>
        <timeout>2</timeout>
        <txfs>02</txfs>
        <totalRecv>0</totalRecv>
        <totalSend>0</totalSend>
        <perMinuteRecv>0</perMinuteRecv>
        <perMinuteSend>0</perMinuteSend>
        <lastRecv>11:14:13</lastRecv>
        <lastSend>08:00:00</lastSend>
    </sockclient-profile>
2010-02-19 11:15:08 [gTimerThread] TimerScheduler.java:118 - 执行定时器：
    <sockclient-profile type="rereadTaskClient">
        <name>rereadTaskClient</name>
        <port>127.0.0.1:10045</port>
        <state>false</state>
        <timeout>2</timeout>
        <txfs>02</txfs>
        <totalRecv>0</totalRecv>
        <totalSend>0</totalSend>
        <perMinuteRecv>0</perMinuteRecv>
        <perMinuteSend>0</perMinuteSend>
        <lastRecv>11:14:13</lastRecv>
        <lastSend>08:00:00</lastSend>
    </sockclient-profile>
2010-02-19 11:15:09 [gTimerThread] TimerScheduler.java:118 - 执行定时器：AsyncService
2010-02-19 11:15:10 [gTimerThread] TimerScheduler.java:118 - 执行定时器：
    <sockclient-profile type="feComClient">
        <name>feClinet</name>
        <port>127.0.0.1:10010</port>
        <state>false</state>
        <timeout>2</timeout>
        <txfs>02</txfs>
        <totalRecv>0</totalRecv>
        <totalSend>0</totalSend>
        <perMinuteRecv>0</perMinuteRecv>
        <perMinuteSend>0</perMinuteSend>
        <lastRecv>11:14:13</lastRecv>
        <lastSend>08:00:00</lastSend>
    </sockclient-profile>
2010-02-19 11:15:10 [gTimerThread] TimerScheduler.java:118 - 执行定时器：
    <sockclient-profile type="intfClient">
        <name>intfClient</name>
        <port>127.0.0.1:10030</port>
        <state>false</state>
        <timeout>2</timeout>
        <txfs>02</txfs>
        <totalRecv>0</totalRecv>
        <totalSend>0</totalSend>
        <perMinuteRecv>0</perMinuteRecv>
        <perMinuteSend>0</perMinuteSend>
        <lastRecv>11:14:13</lastRecv>
        <lastSend>08:00:00</lastSend>
    </sockclient-profile>
2010-02-19 11:15:10 [gTimerThread] TimerScheduler.java:118 - 执行定时器：
    <sockclient-profile type="timeCorrectorClient">
        <name>timeCorrectorClient</name>
        <port>127.0.0.1:10040</port>
        <state>false</state>
        <timeout>2</timeout>
        <txfs>02</txfs>
        <totalRecv>0</totalRecv>
        <totalSend>0</totalSend>
        <perMinuteRecv>0</perMinuteRecv>
        <perMinuteSend>0</perMinuteSend>
        <lastRecv>11:14:13</lastRecv>
        <lastSend>08:00:00</lastSend>
    </sockclient-profile>
2010-02-19 11:15:10 [gTimerThread] TimerScheduler.java:118 - 执行定时器：
    <sockclient-profile type="rereadTaskClient">
        <name>rereadTaskClient</name>
        <port>127.0.0.1:10045</port>
        <state>false</state>
        <timeout>2</timeout>
        <txfs>02</txfs>
        <totalRecv>0</totalRecv>
        <totalSend>0</totalSend>
        <perMinuteRecv>0</perMinuteRecv>
        <perMinuteSend>0</perMinuteSend>
        <lastRecv>11:14:13</lastRecv>
        <lastSend>08:00:00</lastSend>
    </sockclient-profile>
2010-02-19 11:15:12 [gTimerThread] TimerScheduler.java:118 - 执行定时器：
    <sockclient-profile type="feComClient">
        <name>feClinet</name>
        <port>127.0.0.1:10010</port>
        <state>false</state>
        <timeout>2</timeout>
        <txfs>02</txfs>
        <totalRecv>0</totalRecv>
        <totalSend>0</totalSend>
        <perMinuteRecv>0</perMinuteRecv>
        <perMinuteSend>0</perMinuteSend>
        <lastRecv>11:14:13</lastRecv>
        <lastSend>08:00:00</lastSend>
    </sockclient-profile>
2010-02-19 11:15:12 [gTimerThread] TimerScheduler.java:118 - 执行定时器：
    <sockclient-profile type="intfClient">
        <name>intfClient</name>
        <port>127.0.0.1:10030</port>
        <state>false</state>
        <timeout>2</timeout>
        <txfs>02</txfs>
        <totalRecv>0</totalRecv>
        <totalSend>0</totalSend>
        <perMinuteRecv>0</perMinuteRecv>
        <perMinuteSend>0</perMinuteSend>
        <lastRecv>11:14:13</lastRecv>
        <lastSend>08:00:00</lastSend>
    </sockclient-profile>
2010-02-19 11:15:12 [gTimerThread] TimerScheduler.java:118 - 执行定时器：
    <sockclient-profile type="timeCorrectorClient">
        <name>timeCorrectorClient</name>
        <port>127.0.0.1:10040</port>
        <state>false</state>
        <timeout>2</timeout>
        <txfs>02</txfs>
        <totalRecv>0</totalRecv>
        <totalSend>0</totalSend>
        <perMinuteRecv>0</perMinuteRecv>
        <perMinuteSend>0</perMinuteSend>
        <lastRecv>11:14:13</lastRecv>
        <lastSend>08:00:00</lastSend>
    </sockclient-profile>
2010-02-19 11:15:12 [gTimerThread] TimerScheduler.java:118 - 执行定时器：
    <sockclient-profile type="rereadTaskClient">
        <name>rereadTaskClient</name>
        <port>127.0.0.1:10045</port>
        <state>false</state>
        <timeout>2</timeout>
        <txfs>02</txfs>
        <totalRecv>0</totalRecv>
        <totalSend>0</totalSend>
        <perMinuteRecv>0</perMinuteRecv>
        <perMinuteSend>0</perMinuteSend>
        <lastRecv>11:14:13</lastRecv>
        <lastSend>08:00:00</lastSend>
    </sockclient-profile>
2010-02-19 11:15:14 [gTimerThread] TimerScheduler.java:118 - 执行定时器：web.EventHook[web.EventHook.1,idle];[web.EventHook.2,idle];
2010-02-19 11:15:14 [gTimerThread] TimerScheduler.java:118 - 执行定时器：监控10006EH[监控10006EH.3,idle];[监控10006EH.4,idle];
2010-02-19 11:15:14 [gTimerThread] TimerScheduler.java:118 - 执行定时器：A-TCP(7779)
2010-02-19 11:15:14 [gTimerThread] TimerScheduler.java:118 - 执行定时器：
    <sockclient-profile type="feComClient">
        <name>feClinet</name>
        <port>127.0.0.1:10010</port>
        <state>false</state>
        <timeout>2</timeout>
        <txfs>02</txfs>
        <totalRecv>0</totalRecv>
        <totalSend>0</totalSend>
        <perMinuteRecv>0</perMinuteRecv>
        <perMinuteSend>0</perMinuteSend>
        <lastRecv>11:14:13</lastRecv>
        <lastSend>08:00:00</lastSend>
    </sockclient-profile>
2010-02-19 11:15:14 [gTimerThread] TimerScheduler.java:118 - 执行定时器：
    <sockclient-profile type="feComClient">
        <name>feClinet</name>
        <port>127.0.0.1:10010</port>
        <state>false</state>
        <timeout>2</timeout>
        <txfs>02</txfs>
        <totalRecv>0</totalRecv>
        <totalSend>0</totalSend>
        <perMinuteRecv>0</perMinuteRecv>
        <perMinuteSend>0</perMinuteSend>
        <lastRecv>11:14:13</lastRecv>
        <lastSend>08:00:00</lastSend>
    </sockclient-profile>
2010-02-19 11:15:14 [gTimerThread] TimerScheduler.java:118 - 执行定时器：batchService[batchService.5,idle];[batchService.7,idle];[batchService.6,idle];[batchService.8,idle];
2010-02-19 11:15:14 [gTimerThread] TimerScheduler.java:118 - 执行定时器：AsyncService
2010-02-19 11:15:14 [gTimerThread] TimerScheduler.java:118 - 执行定时器：
    <sockclient-profile type="intfClient">
        <name>intfClient</name>
        <port>127.0.0.1:10030</port>
        <state>false</state>
        <timeout>2</timeout>
        <txfs>02</txfs>
        <totalRecv>0</totalRecv>
        <totalSend>0</totalSend>
        <perMinuteRecv>0</perMinuteRecv>
        <perMinuteSend>0</perMinuteSend>
        <lastRecv>11:14:13</lastRecv>
        <lastSend>08:00:00</lastSend>
    </sockclient-profile>
2010-02-19 11:15:14 [gTimerThread] TimerScheduler.java:118 - 执行定时器：
    <sockclient-profile type="timeCorrectorClient">
        <name>timeCorrectorClient</name>
        <port>127.0.0.1:10040</port>
        <state>false</state>
        <timeout>2</timeout>
        <txfs>02</txfs>
        <totalRecv>0</totalRecv>
        <totalSend>0</totalSend>
        <perMinuteRecv>0</perMinuteRecv>
        <perMinuteSend>0</perMinuteSend>
        <lastRecv>11:14:13</lastRecv>
        <lastSend>08:00:00</lastSend>
    </sockclient-profile>
2010-02-19 11:15:14 [gTimerThread] TimerScheduler.java:118 - 执行定时器：
    <sockclient-profile type="rereadTaskClient">
        <name>rereadTaskClient</name>
        <port>127.0.0.1:10045</port>
        <state>false</state>
        <timeout>2</timeout>
        <txfs>02</txfs>
        <totalRecv>0</totalRecv>
        <totalSend>0</totalSend>
        <perMinuteRecv>0</perMinuteRecv>
        <perMinuteSend>0</perMinuteSend>
        <lastRecv>11:14:13</lastRecv>
        <lastSend>08:00:00</lastSend>
    </sockclient-profile>
2010-02-19 11:15:14 [gTimerThread] TimerScheduler.java:118 - 执行定时器：
    <sockclient-profile type="intfClient">
        <name>intfClient</name>
        <port>127.0.0.1:10030</port>
        <state>false</state>
        <timeout>2</timeout>
        <txfs>02</txfs>
        <totalRecv>0</totalRecv>
        <totalSend>0</totalSend>
        <perMinuteRecv>0</perMinuteRecv>
        <perMinuteSend>0</perMinuteSend>
        <lastRecv>11:14:13</lastRecv>
        <lastSend>08:00:00</lastSend>
    </sockclient-profile>
2010-02-19 11:15:14 [gTimerThread] TimerScheduler.java:118 - 执行定时器：A-TCP(10021)
2010-02-19 11:15:14 [gTimerThread] TimerScheduler.java:118 - 执行定时器：
    <sockclient-profile type="timeCorrectorClient">
        <name>timeCorrectorClient</name>
        <port>127.0.0.1:10040</port>
        <state>false</state>
        <timeout>2</timeout>
        <txfs>02</txfs>
        <totalRecv>0</totalRecv>
        <totalSend>0</totalSend>
        <perMinuteRecv>0</perMinuteRecv>
        <perMinuteSend>0</perMinuteSend>
        <lastRecv>11:14:13</lastRecv>
        <lastSend>08:00:00</lastSend>
    </sockclient-profile>
2010-02-19 11:15:14 [gTimerThread] TimerScheduler.java:118 - 执行定时器：
    <sockclient-profile type="rereadTaskClient">
        <name>rereadTaskClient</name>
        <port>127.0.0.1:10045</port>
        <state>false</state>
        <timeout>2</timeout>
        <txfs>02</txfs>
        <totalRecv>0</totalRecv>
        <totalSend>0</totalSend>
        <perMinuteRecv>0</perMinuteRecv>
        <perMinuteSend>0</perMinuteSend>
        <lastRecv>11:14:13</lastRecv>
        <lastSend>08:00:00</lastSend>
    </sockclient-profile>
2010-02-19 11:15:16 [gTimerThread] TimerScheduler.java:118 - 执行定时器：
    <sockclient-profile type="feComClient">
        <name>feClinet</name>
        <port>127.0.0.1:10010</port>
        <state>false</state>
        <timeout>2</timeout>
        <txfs>02</txfs>
        <totalRecv>0</totalRecv>
        <totalSend>0</totalSend>
        <perMinuteRecv>0</perMinuteRecv>
        <perMinuteSend>0</perMinuteSend>
        <lastRecv>11:14:13</lastRecv>
        <lastSend>08:00:00</lastSend>
    </sockclient-profile>
2010-02-19 11:15:16 [gTimerThread] TimerScheduler.java:118 - 执行定时器：
    <sockclient-profile type="intfClient">
        <name>intfClient</name>
        <port>127.0.0.1:10030</port>
        <state>false</state>
        <timeout>2</timeout>
        <txfs>02</txfs>
        <totalRecv>0</totalRecv>
        <totalSend>0</totalSend>
        <perMinuteRecv>0</perMinuteRecv>
        <perMinuteSend>0</perMinuteSend>
        <lastRecv>11:14:13</lastRecv>
        <lastSend>08:00:00</lastSend>
    </sockclient-profile>
2010-02-19 11:15:16 [gTimerThread] TimerScheduler.java:118 - 执行定时器：
    <sockclient-profile type="timeCorrectorClient">
        <name>timeCorrectorClient</name>
        <port>127.0.0.1:10040</port>
        <state>false</state>
        <timeout>2</timeout>
        <txfs>02</txfs>
        <totalRecv>0</totalRecv>
        <totalSend>0</totalSend>
        <perMinuteRecv>0</perMinuteRecv>
        <perMinuteSend>0</perMinuteSend>
        <lastRecv>11:14:13</lastRecv>
        <lastSend>08:00:00</lastSend>
    </sockclient-profile>
2010-02-19 11:15:16 [gTimerThread] TimerScheduler.java:118 - 执行定时器：
    <sockclient-profile type="rereadTaskClient">
        <name>rereadTaskClient</name>
        <port>127.0.0.1:10045</port>
        <state>false</state>
        <timeout>2</timeout>
        <txfs>02</txfs>
        <totalRecv>0</totalRecv>
        <totalSend>0</totalSend>
        <perMinuteRecv>0</perMinuteRecv>
        <perMinuteSend>0</perMinuteSend>
        <lastRecv>11:14:13</lastRecv>
        <lastSend>08:00:00</lastSend>
    </sockclient-profile>
2010-02-19 11:15:18 [gTimerThread] TimerScheduler.java:118 - 执行定时器：
    <sockclient-profile type="feComClient">
        <name>feClinet</name>
        <port>127.0.0.1:10010</port>
        <state>false</state>
        <timeout>2</timeout>
        <txfs>02</txfs>
        <totalRecv>0</totalRecv>
        <totalSend>0</totalSend>
        <perMinuteRecv>0</perMinuteRecv>
        <perMinuteSend>0</perMinuteSend>
        <lastRecv>11:14:13</lastRecv>
        <lastSend>08:00:00</lastSend>
    </sockclient-profile>
2010-02-19 11:15:18 [gTimerThread] TimerScheduler.java:118 - 执行定时器：
    <sockclient-profile type="intfClient">
        <name>intfClient</name>
        <port>127.0.0.1:10030</port>
        <state>false</state>
        <timeout>2</timeout>
        <txfs>02</txfs>
        <totalRecv>0</totalRecv>
        <totalSend>0</totalSend>
        <perMinuteRecv>0</perMinuteRecv>
        <perMinuteSend>0</perMinuteSend>
        <lastRecv>11:14:13</lastRecv>
        <lastSend>08:00:00</lastSend>
    </sockclient-profile>
2010-02-19 11:15:18 [gTimerThread] TimerScheduler.java:118 - 执行定时器：
    <sockclient-profile type="timeCorrectorClient">
        <name>timeCorrectorClient</name>
        <port>127.0.0.1:10040</port>
        <state>false</state>
        <timeout>2</timeout>
        <txfs>02</txfs>
        <totalRecv>0</totalRecv>
        <totalSend>0</totalSend>
        <perMinuteRecv>0</perMinuteRecv>
        <perMinuteSend>0</perMinuteSend>
        <lastRecv>11:14:13</lastRecv>
        <lastSend>08:00:00</lastSend>
    </sockclient-profile>
2010-02-19 11:15:18 [gTimerThread] TimerScheduler.java:118 - 执行定时器：
    <sockclient-profile type="rereadTaskClient">
        <name>rereadTaskClient</name>
        <port>127.0.0.1:10045</port>
        <state>false</state>
        <timeout>2</timeout>
        <txfs>02</txfs>
        <totalRecv>0</totalRecv>
        <totalSend>0</totalSend>
        <perMinuteRecv>0</perMinuteRecv>
        <perMinuteSend>0</perMinuteSend>
        <lastRecv>11:14:13</lastRecv>
        <lastSend>08:00:00</lastSend>
    </sockclient-profile>
2010-02-19 11:15:19 [gTimerThread] TimerScheduler.java:118 - 执行定时器：AsyncService
2010-02-19 11:15:20 [gTimerThread] TimerScheduler.java:118 - 执行定时器：
    <sockclient-profile type="feComClient">
        <name>feClinet</name>
        <port>127.0.0.1:10010</port>
        <state>false</state>
        <timeout>2</timeout>
        <txfs>02</txfs>
        <totalRecv>0</totalRecv>
        <totalSend>0</totalSend>
        <perMinuteRecv>0</perMinuteRecv>
        <perMinuteSend>0</perMinuteSend>
        <lastRecv>11:14:13</lastRecv>
        <lastSend>08:00:00</lastSend>
    </sockclient-profile>
2010-02-19 11:15:20 [gTimerThread] TimerScheduler.java:118 - 执行定时器：
    <sockclient-profile type="intfClient">
        <name>intfClient</name>
        <port>127.0.0.1:10030</port>
        <state>false</state>
        <timeout>2</timeout>
        <txfs>02</txfs>
        <totalRecv>0</totalRecv>
        <totalSend>0</totalSend>
        <perMinuteRecv>0</perMinuteRecv>
        <perMinuteSend>0</perMinuteSend>
        <lastRecv>11:14:13</lastRecv>
        <lastSend>08:00:00</lastSend>
    </sockclient-profile>
2010-02-19 11:15:20 [gTimerThread] TimerScheduler.java:118 - 执行定时器：
    <sockclient-profile type="timeCorrectorClient">
        <name>timeCorrectorClient</name>
        <port>127.0.0.1:10040</port>
        <state>false</state>
        <timeout>2</timeout>
        <txfs>02</txfs>
        <totalRecv>0</totalRecv>
        <totalSend>0</totalSend>
        <perMinuteRecv>0</perMinuteRecv>
        <perMinuteSend>0</perMinuteSend>
        <lastRecv>11:14:13</lastRecv>
        <lastSend>08:00:00</lastSend>
    </sockclient-profile>
2010-02-19 11:15:20 [gTimerThread] TimerScheduler.java:118 - 执行定时器：
    <sockclient-profile type="rereadTaskClient">
        <name>rereadTaskClient</name>
        <port>127.0.0.1:10045</port>
        <state>false</state>
        <timeout>2</timeout>
        <txfs>02</txfs>
        <totalRecv>0</totalRecv>
        <totalSend>0</totalSend>
        <perMinuteRecv>0</perMinuteRecv>
        <perMinuteSend>0</perMinuteSend>
        <lastRecv>11:14:13</lastRecv>
        <lastSend>08:00:00</lastSend>
    </sockclient-profile>
2010-02-19 11:15:22 [gTimerThread] TimerScheduler.java:118 - 执行定时器：
    <sockclient-profile type="feComClient">
        <name>feClinet</name>
        <port>127.0.0.1:10010</port>
        <state>false</state>
        <timeout>2</timeout>
        <txfs>02</txfs>
        <totalRecv>0</totalRecv>
        <totalSend>0</totalSend>
        <perMinuteRecv>0</perMinuteRecv>
        <perMinuteSend>0</perMinuteSend>
        <lastRecv>11:14:13</lastRecv>
        <lastSend>08:00:00</lastSend>
    </sockclient-profile>
2010-02-19 11:15:22 [gTimerThread] TimerScheduler.java:118 - 执行定时器：
    <sockclient-profile type="intfClient">
        <name>intfClient</name>
        <port>127.0.0.1:10030</port>
        <state>false</state>
        <timeout>2</timeout>
        <txfs>02</txfs>
        <totalRecv>0</totalRecv>
        <totalSend>0</totalSend>
        <perMinuteRecv>0</perMinuteRecv>
        <perMinuteSend>0</perMinuteSend>
        <lastRecv>11:14:13</lastRecv>
        <lastSend>08:00:00</lastSend>
    </sockclient-profile>
2010-02-19 11:15:22 [gTimerThread] TimerScheduler.java:118 - 执行定时器：
    <sockclient-profile type="timeCorrectorClient">
        <name>timeCorrectorClient</name>
        <port>127.0.0.1:10040</port>
        <state>false</state>
        <timeout>2</timeout>
        <txfs>02</txfs>
        <totalRecv>0</totalRecv>
        <totalSend>0</totalSend>
        <perMinuteRecv>0</perMinuteRecv>
        <perMinuteSend>0</perMinuteSend>
        <lastRecv>11:14:13</lastRecv>
        <lastSend>08:00:00</lastSend>
    </sockclient-profile>
2010-02-19 11:15:22 [gTimerThread] TimerScheduler.java:118 - 执行定时器：
    <sockclient-profile type="rereadTaskClient">
        <name>rereadTaskClient</name>
        <port>127.0.0.1:10045</port>
        <state>false</state>
        <timeout>2</timeout>
        <txfs>02</txfs>
        <totalRecv>0</totalRecv>
        <totalSend>0</totalSend>
        <perMinuteRecv>0</perMinuteRecv>
        <perMinuteSend>0</perMinuteSend>
        <lastRecv>11:14:13</lastRecv>
        <lastSend>08:00:00</lastSend>
    </sockclient-profile>
2010-02-19 11:15:24 [gTimerThread] TimerScheduler.java:118 - 执行定时器：
    <sockclient-profile type="feComClient">
        <name>feClinet</name>
        <port>127.0.0.1:10010</port>
        <state>false</state>
        <timeout>2</timeout>
        <txfs>02</txfs>
        <totalRecv>0</totalRecv>
        <totalSend>0</totalSend>
        <perMinuteRecv>0</perMinuteRecv>
        <perMinuteSend>0</perMinuteSend>
        <lastRecv>11:14:13</lastRecv>
        <lastSend>08:00:00</lastSend>
    </sockclient-profile>
2010-02-19 11:15:24 [gTimerThread] TimerScheduler.java:118 - 执行定时器：AsyncService
2010-02-19 11:15:24 [gTimerThread] TimerScheduler.java:118 - 执行定时器：
    <sockclient-profile type="intfClient">
        <name>intfClient</name>
        <port>127.0.0.1:10030</port>
        <state>false</state>
        <timeout>2</timeout>
        <txfs>02</txfs>
        <totalRecv>0</totalRecv>
        <totalSend>0</totalSend>
        <perMinuteRecv>0</perMinuteRecv>
        <perMinuteSend>0</perMinuteSend>
        <lastRecv>11:14:13</lastRecv>
        <lastSend>08:00:00</lastSend>
    </sockclient-profile>
2010-02-19 11:15:24 [gTimerThread] TimerScheduler.java:118 - 执行定时器：
    <sockclient-profile type="timeCorrectorClient">
        <name>timeCorrectorClient</name>
        <port>127.0.0.1:10040</port>
        <state>false</state>
        <timeout>2</timeout>
        <txfs>02</txfs>
        <totalRecv>0</totalRecv>
        <totalSend>0</totalSend>
        <perMinuteRecv>0</perMinuteRecv>
        <perMinuteSend>0</perMinuteSend>
        <lastRecv>11:14:13</lastRecv>
        <lastSend>08:00:00</lastSend>
    </sockclient-profile>
2010-02-19 11:15:24 [gTimerThread] TimerScheduler.java:118 - 执行定时器：
    <sockclient-profile type="rereadTaskClient">
        <name>rereadTaskClient</name>
        <port>127.0.0.1:10045</port>
        <state>false</state>
        <timeout>2</timeout>
        <txfs>02</txfs>
        <totalRecv>0</totalRecv>
        <totalSend>0</totalSend>
        <perMinuteRecv>0</perMinuteRecv>
        <perMinuteSend>0</perMinuteSend>
        <lastRecv>11:14:13</lastRecv>
        <lastSend>08:00:00</lastSend>
    </sockclient-profile>
2010-02-19 11:15:26 [gTimerThread] TimerScheduler.java:118 - 执行定时器：
    <sockclient-profile type="feComClient">
        <name>feClinet</name>
        <port>127.0.0.1:10010</port>
        <state>false</state>
        <timeout>2</timeout>
        <txfs>02</txfs>
        <totalRecv>0</totalRecv>
        <totalSend>0</totalSend>
        <perMinuteRecv>0</perMinuteRecv>
        <perMinuteSend>0</perMinuteSend>
        <lastRecv>11:14:13</lastRecv>
        <lastSend>08:00:00</lastSend>
    </sockclient-profile>
2010-02-19 11:15:26 [gTimerThread] TimerScheduler.java:118 - 执行定时器：
    <sockclient-profile type="intfClient">
        <name>intfClient</name>
        <port>127.0.0.1:10030</port>
        <state>false</state>
        <timeout>2</timeout>
        <txfs>02</txfs>
        <totalRecv>0</totalRecv>
        <totalSend>0</totalSend>
        <perMinuteRecv>0</perMinuteRecv>
        <perMinuteSend>0</perMinuteSend>
        <lastRecv>11:14:13</lastRecv>
        <lastSend>08:00:00</lastSend>
    </sockclient-profile>
2010-02-19 11:15:26 [gTimerThread] TimerScheduler.java:118 - 执行定时器：
    <sockclient-profile type="timeCorrectorClient">
        <name>timeCorrectorClient</name>
        <port>127.0.0.1:10040</port>
        <state>false</state>
        <timeout>2</timeout>
        <txfs>02</txfs>
        <totalRecv>0</totalRecv>
        <totalSend>0</totalSend>
        <perMinuteRecv>0</perMinuteRecv>
        <perMinuteSend>0</perMinuteSend>
        <lastRecv>11:14:13</lastRecv>
        <lastSend>08:00:00</lastSend>
    </sockclient-profile>
2010-02-19 11:15:26 [gTimerThread] TimerScheduler.java:118 - 执行定时器：
    <sockclient-profile type="rereadTaskClient">
        <name>rereadTaskClient</name>
        <port>127.0.0.1:10045</port>
        <state>false</state>
        <timeout>2</timeout>
        <txfs>02</txfs>
        <totalRecv>0</totalRecv>
        <totalSend>0</totalSend>
        <perMinuteRecv>0</perMinuteRecv>
        <perMinuteSend>0</perMinuteSend>
        <lastRecv>11:14:13</lastRecv>
        <lastSend>08:00:00</lastSend>
    </sockclient-profile>
2010-02-19 11:15:28 [gTimerThread] TimerScheduler.java:118 - 执行定时器：
    <sockclient-profile type="feComClient">
        <name>feClinet</name>
        <port>127.0.0.1:10010</port>
        <state>false</state>
        <timeout>2</timeout>
        <txfs>02</txfs>
        <totalRecv>0</totalRecv>
        <totalSend>0</totalSend>
        <perMinuteRecv>0</perMinuteRecv>
        <perMinuteSend>0</perMinuteSend>
        <lastRecv>11:14:13</lastRecv>
        <lastSend>08:00:00</lastSend>
    </sockclient-profile>
2010-02-19 11:15:28 [gTimerThread] TimerScheduler.java:118 - 执行定时器：
    <sockclient-profile type="intfClient">
        <name>intfClient</name>
        <port>127.0.0.1:10030</port>
        <state>false</state>
        <timeout>2</timeout>
        <txfs>02</txfs>
        <totalRecv>0</totalRecv>
        <totalSend>0</totalSend>
        <perMinuteRecv>0</perMinuteRecv>
        <perMinuteSend>0</perMinuteSend>
        <lastRecv>11:14:13</lastRecv>
        <lastSend>08:00:00</lastSend>
    </sockclient-profile>
2010-02-19 11:15:28 [gTimerThread] TimerScheduler.java:118 - 执行定时器：
    <sockclient-profile type="timeCorrectorClient">
        <name>timeCorrectorClient</name>
        <port>127.0.0.1:10040</port>
        <state>false</state>
        <timeout>2</timeout>
        <txfs>02</txfs>
        <totalRecv>0</totalRecv>
        <totalSend>0</totalSend>
        <perMinuteRecv>0</perMinuteRecv>
        <perMinuteSend>0</perMinuteSend>
        <lastRecv>11:14:13</lastRecv>
        <lastSend>08:00:00</lastSend>
    </sockclient-profile>
2010-02-19 11:15:28 [gTimerThread] TimerScheduler.java:118 - 执行定时器：
    <sockclient-profile type="rereadTaskClient">
        <name>rereadTaskClient</name>
        <port>127.0.0.1:10045</port>
        <state>false</state>
        <timeout>2</timeout>
        <txfs>02</txfs>
        <totalRecv>0</totalRecv>
        <totalSend>0</totalSend>
        <perMinuteRecv>0</perMinuteRecv>
        <perMinuteSend>0</perMinuteSend>
        <lastRecv>11:14:13</lastRecv>
        <lastSend>08:00:00</lastSend>
    </sockclient-profile>
2010-02-19 11:15:29 [gTimerThread] TimerScheduler.java:118 - 执行定时器：AsyncService
2010-02-19 11:15:30 [gTimerThread] TimerScheduler.java:118 - 执行定时器：
    <sockclient-profile type="feComClient">
        <name>feClinet</name>
        <port>127.0.0.1:10010</port>
        <state>false</state>
        <timeout>2</timeout>
        <txfs>02</txfs>
        <totalRecv>0</totalRecv>
        <totalSend>0</totalSend>
        <perMinuteRecv>0</perMinuteRecv>
        <perMinuteSend>0</perMinuteSend>
        <lastRecv>11:14:13</lastRecv>
        <lastSend>08:00:00</lastSend>
    </sockclient-profile>
2010-02-19 11:15:30 [gTimerThread] TimerScheduler.java:118 - 执行定时器：
    <sockclient-profile type="intfClient">
        <name>intfClient</name>
        <port>127.0.0.1:10030</port>
        <state>false</state>
        <timeout>2</timeout>
        <txfs>02</txfs>
        <totalRecv>0</totalRecv>
        <totalSend>0</totalSend>
        <perMinuteRecv>0</perMinuteRecv>
        <perMinuteSend>0</perMinuteSend>
        <lastRecv>11:14:13</lastRecv>
        <lastSend>08:00:00</lastSend>
    </sockclient-profile>
2010-02-19 11:15:30 [gTimerThread] TimerScheduler.java:118 - 执行定时器：
    <sockclient-profile type="timeCorrectorClient">
        <name>timeCorrectorClient</name>
        <port>127.0.0.1:10040</port>
        <state>false</state>
        <timeout>2</timeout>
        <txfs>02</txfs>
        <totalRecv>0</totalRecv>
        <totalSend>0</totalSend>
        <perMinuteRecv>0</perMinuteRecv>
        <perMinuteSend>0</perMinuteSend>
        <lastRecv>11:14:13</lastRecv>
        <lastSend>08:00:00</lastSend>
    </sockclient-profile>
2010-02-19 11:15:30 [gTimerThread] TimerScheduler.java:118 - 执行定时器：
    <sockclient-profile type="rereadTaskClient">
        <name>rereadTaskClient</name>
        <port>127.0.0.1:10045</port>
        <state>false</state>
        <timeout>2</timeout>
        <txfs>02</txfs>
        <totalRecv>0</totalRecv>
        <totalSend>0</totalSend>
        <perMinuteRecv>0</perMinuteRecv>
        <perMinuteSend>0</perMinuteSend>
        <lastRecv>11:14:13</lastRecv>
        <lastSend>08:00:00</lastSend>
    </sockclient-profile>
2010-02-19 11:15:32 [gTimerThread] TimerScheduler.java:118 - 执行定时器：
    <sockclient-profile type="feComClient">
        <name>feClinet</name>
        <port>127.0.0.1:10010</port>
        <state>false</state>
        <timeout>2</timeout>
        <txfs>02</txfs>
        <totalRecv>0</totalRecv>
        <totalSend>0</totalSend>
        <perMinuteRecv>0</perMinuteRecv>
        <perMinuteSend>0</perMinuteSend>
        <lastRecv>11:14:13</lastRecv>
        <lastSend>08:00:00</lastSend>
    </sockclient-profile>
2010-02-19 11:15:32 [gTimerThread] TimerScheduler.java:118 - 执行定时器：
    <sockclient-profile type="intfClient">
        <name>intfClient</name>
        <port>127.0.0.1:10030</port>
        <state>false</state>
        <timeout>2</timeout>
        <txfs>02</txfs>
        <totalRecv>0</totalRecv>
        <totalSend>0</totalSend>
        <perMinuteRecv>0</perMinuteRecv>
        <perMinuteSend>0</perMinuteSend>
        <lastRecv>11:14:13</lastRecv>
        <lastSend>08:00:00</lastSend>
    </sockclient-profile>
2010-02-19 11:15:32 [gTimerThread] TimerScheduler.java:118 - 执行定时器：
    <sockclient-profile type="timeCorrectorClient">
        <name>timeCorrectorClient</name>
        <port>127.0.0.1:10040</port>
        <state>false</state>
        <timeout>2</timeout>
        <txfs>02</txfs>
        <totalRecv>0</totalRecv>
        <totalSend>0</totalSend>
        <perMinuteRecv>0</perMinuteRecv>
        <perMinuteSend>0</perMinuteSend>
        <lastRecv>11:14:13</lastRecv>
        <lastSend>08:00:00</lastSend>
    </sockclient-profile>
2010-02-19 11:15:32 [gTimerThread] TimerScheduler.java:118 - 执行定时器：
    <sockclient-profile type="rereadTaskClient">
        <name>rereadTaskClient</name>
        <port>127.0.0.1:10045</port>
        <state>false</state>
        <timeout>2</timeout>
        <txfs>02</txfs>
        <totalRecv>0</totalRecv>
        <totalSend>0</totalSend>
        <perMinuteRecv>0</perMinuteRecv>
        <perMinuteSend>0</perMinuteSend>
        <lastRecv>11:14:13</lastRecv>
        <lastSend>08:00:00</lastSend>
    </sockclient-profile>
2010-02-19 11:15:34 [gTimerThread] TimerScheduler.java:118 - 执行定时器：
    <sockclient-profile type="feComClient">
        <name>feClinet</name>
        <port>127.0.0.1:10010</port>
        <state>false</state>
        <timeout>2</timeout>
        <txfs>02</txfs>
        <totalRecv>0</totalRecv>
        <totalSend>0</totalSend>
        <perMinuteRecv>0</perMinuteRecv>
        <perMinuteSend>0</perMinuteSend>
        <lastRecv>11:14:13</lastRecv>
        <lastSend>08:00:00</lastSend>
    </sockclient-profile>
2010-02-19 11:15:34 [gTimerThread] TimerScheduler.java:118 - 执行定时器：AsyncService
2010-02-19 11:15:34 [gTimerThread] TimerScheduler.java:118 - 执行定时器：
    <sockclient-profile type="intfClient">
        <name>intfClient</name>
        <port>127.0.0.1:10030</port>
        <state>false</state>
        <timeout>2</timeout>
        <txfs>02</txfs>
        <totalRecv>0</totalRecv>
        <totalSend>0</totalSend>
        <perMinuteRecv>0</perMinuteRecv>
        <perMinuteSend>0</perMinuteSend>
        <lastRecv>11:14:13</lastRecv>
        <lastSend>08:00:00</lastSend>
    </sockclient-profile>
2010-02-19 11:15:34 [gTimerThread] TimerScheduler.java:118 - 执行定时器：
    <sockclient-profile type="timeCorrectorClient">
        <name>timeCorrectorClient</name>
        <port>127.0.0.1:10040</port>
        <state>false</state>
        <timeout>2</timeout>
        <txfs>02</txfs>
        <totalRecv>0</totalRecv>
        <totalSend>0</totalSend>
        <perMinuteRecv>0</perMinuteRecv>
        <perMinuteSend>0</perMinuteSend>
        <lastRecv>11:14:13</lastRecv>
        <lastSend>08:00:00</lastSend>
    </sockclient-profile>
2010-02-19 11:15:34 [gTimerThread] TimerScheduler.java:118 - 执行定时器：
    <sockclient-profile type="rereadTaskClient">
        <name>rereadTaskClient</name>
        <port>127.0.0.1:10045</port>
        <state>false</state>
        <timeout>2</timeout>
        <txfs>02</txfs>
        <totalRecv>0</totalRecv>
        <totalSend>0</totalSend>
        <perMinuteRecv>0</perMinuteRecv>
        <perMinuteSend>0</perMinuteSend>
        <lastRecv>11:14:13</lastRecv>
        <lastSend>08:00:00</lastSend>
    </sockclient-profile>
2010-02-19 11:15:36 [gTimerThread] TimerScheduler.java:118 - 执行定时器：
    <sockclient-profile type="feComClient">
        <name>feClinet</name>
        <port>127.0.0.1:10010</port>
        <state>false</state>
        <timeout>2</timeout>
        <txfs>02</txfs>
        <totalRecv>0</totalRecv>
        <totalSend>0</totalSend>
        <perMinuteRecv>0</perMinuteRecv>
        <perMinuteSend>0</perMinuteSend>
        <lastRecv>11:14:13</lastRecv>
        <lastSend>08:00:00</lastSend>
    </sockclient-profile>
2010-02-19 11:15:36 [gTimerThread] TimerScheduler.java:118 - 执行定时器：
    <sockclient-profile type="intfClient">
        <name>intfClient</name>
        <port>127.0.0.1:10030</port>
        <state>false</state>
        <timeout>2</timeout>
        <txfs>02</txfs>
        <totalRecv>0</totalRecv>
        <totalSend>0</totalSend>
        <perMinuteRecv>0</perMinuteRecv>
        <perMinuteSend>0</perMinuteSend>
        <lastRecv>11:14:13</lastRecv>
        <lastSend>08:00:00</lastSend>
    </sockclient-profile>
2010-02-19 11:15:36 [gTimerThread] TimerScheduler.java:118 - 执行定时器：
    <sockclient-profile type="timeCorrectorClient">
        <name>timeCorrectorClient</name>
        <port>127.0.0.1:10040</port>
        <state>false</state>
        <timeout>2</timeout>
        <txfs>02</txfs>
        <totalRecv>0</totalRecv>
        <totalSend>0</totalSend>
        <perMinuteRecv>0</perMinuteRecv>
        <perMinuteSend>0</perMinuteSend>
        <lastRecv>11:14:13</lastRecv>
        <lastSend>08:00:00</lastSend>
    </sockclient-profile>
2010-02-19 11:15:36 [gTimerThread] TimerScheduler.java:118 - 执行定时器：
    <sockclient-profile type="rereadTaskClient">
        <name>rereadTaskClient</name>
        <port>127.0.0.1:10045</port>
        <state>false</state>
        <timeout>2</timeout>
        <txfs>02</txfs>
        <totalRecv>0</totalRecv>
        <totalSend>0</totalSend>
        <perMinuteRecv>0</perMinuteRecv>
        <perMinuteSend>0</perMinuteSend>
        <lastRecv>11:14:13</lastRecv>
        <lastSend>08:00:00</lastSend>
    </sockclient-profile>
2010-02-19 11:15:38 [gTimerThread] TimerScheduler.java:118 - 执行定时器：
    <sockclient-profile type="feComClient">
        <name>feClinet</name>
        <port>127.0.0.1:10010</port>
        <state>false</state>
        <timeout>2</timeout>
        <txfs>02</txfs>
        <totalRecv>0</totalRecv>
        <totalSend>0</totalSend>
        <perMinuteRecv>0</perMinuteRecv>
        <perMinuteSend>0</perMinuteSend>
        <lastRecv>11:14:13</lastRecv>
        <lastSend>08:00:00</lastSend>
    </sockclient-profile>
2010-02-19 11:15:38 [gTimerThread] TimerScheduler.java:118 - 执行定时器：
    <sockclient-profile type="intfClient">
        <name>intfClient</name>
        <port>127.0.0.1:10030</port>
        <state>false</state>
        <timeout>2</timeout>
        <txfs>02</txfs>
        <totalRecv>0</totalRecv>
        <totalSend>0</totalSend>
        <perMinuteRecv>0</perMinuteRecv>
        <perMinuteSend>0</perMinuteSend>
        <lastRecv>11:14:13</lastRecv>
        <lastSend>08:00:00</lastSend>
    </sockclient-profile>
2010-02-19 11:15:38 [gTimerThread] TimerScheduler.java:118 - 执行定时器：
    <sockclient-profile type="timeCorrectorClient">
        <name>timeCorrectorClient</name>
        <port>127.0.0.1:10040</port>
        <state>false</state>
        <timeout>2</timeout>
        <txfs>02</txfs>
        <totalRecv>0</totalRecv>
        <totalSend>0</totalSend>
        <perMinuteRecv>0</perMinuteRecv>
        <perMinuteSend>0</perMinuteSend>
        <lastRecv>11:14:13</lastRecv>
        <lastSend>08:00:00</lastSend>
    </sockclient-profile>
2010-02-19 11:15:38 [gTimerThread] TimerScheduler.java:118 - 执行定时器：
    <sockclient-profile type="rereadTaskClient">
        <name>rereadTaskClient</name>
        <port>127.0.0.1:10045</port>
        <state>false</state>
        <timeout>2</timeout>
        <txfs>02</txfs>
        <totalRecv>0</totalRecv>
        <totalSend>0</totalSend>
        <perMinuteRecv>0</perMinuteRecv>
        <perMinuteSend>0</perMinuteSend>
        <lastRecv>11:14:13</lastRecv>
        <lastSend>08:00:00</lastSend>
    </sockclient-profile>
2010-02-19 11:15:39 [gTimerThread] TimerScheduler.java:118 - 执行定时器：AsyncService
