2010-06-12 08:40:58,812 [main] ERROR [pep.bp.db.RTTaskServiceIMP] - Could not get JDBC Connection; nested exception is org.apache.commons.dbcp.SQLNestedException: Cannot create PoolableConnectionFactory (Listener refused the connection with the following error:
ORA-12505, TNS:listener does not currently know of SID given in connect descriptor
The Connection descriptor used by the client was:
localhost:1521:pss
)
2010-06-12 08:41:00,656 [main] ERROR [pep.bp.db.RTTaskServiceIMP] - Could not get JDBC Connection; nested exception is org.apache.commons.dbcp.SQLNestedException: Cannot create PoolableConnectionFactory (Listener refused the connection with the following error:
ORA-12505, TNS:listener does not currently know of SID given in connect descriptor
The Connection descriptor used by the client was:
localhost:1521:pss
)
2010-06-12 08:41:00,671 [main] ERROR [pep.bp.db.RTTaskServiceIMP] - Could not get JDBC Connection; nested exception is org.apache.commons.dbcp.SQLNestedException: Cannot create PoolableConnectionFactory (Listener refused the connection with the following error:
ORA-12505, TNS:listener does not currently know of SID given in connect descriptor
The Connection descriptor used by the client was:
localhost:1521:pss
)
2010-06-12 08:41:00,906 [main] ERROR [pep.bp.db.RTTaskServiceIMP] - Could not get JDBC Connection; nested exception is org.apache.commons.dbcp.SQLNestedException: Cannot create PoolableConnectionFactory (Listener refused the connection with the following error:
ORA-12505, TNS:listener does not currently know of SID given in connect descriptor
The Connection descriptor used by the client was:
localhost:1521:pss
)
2010-06-12 08:41:00,968 [main] ERROR [pep.bp.db.RTTaskServiceIMP] - Could not get JDBC Connection; nested exception is org.apache.commons.dbcp.SQLNestedException: Cannot create PoolableConnectionFactory (Listener refused the connection with the following error:
ORA-12505, TNS:listener does not currently know of SID given in connect descriptor
The Connection descriptor used by the client was:
localhost:1521:pss
)
