修改日期      修改人    BUGID     修改文件名                       修改原因  
2008.11.02    xu_lw               HiConvertTag                     增加convert标签
2008.11.02    xu_lw               HiExpression                     增加表达式
2008.11.02    xu_lw               HiPage                           修改多页的处理
2008.11.29    xu_lw               HiForm2Etf                       修改数组处理
2008.12.22    xu_lw               HiRawServiceImpl                 消息头增加SIP                       
2008.12.22    xu_lw               HiWebServiceImpl                 消息头增加SIP；ROOT增加REQ_URL
2008.12.30    xu_lw               AccessFilter                     日志记录在SYS.trc中
2009.01.13    xu_lw               HiWebServiceImpl                 增加直接取交易码的功能
2009.01.19    xu_lw               HiRawServiceImpl                 增加访问服务容器的方式
2009.01.19    xu_lw               HiAbstractChannelService         增加指定编码的方式
2009.01.19    xu_lw               HiRawServiceImpl                 增加指定编码的方式
2009.01.19    xu_lw               HiWebServiceImpl                 增加指定编码的方式
2009.03.06    xu_lw               HiSecurityFilter                 修改安全过滤
2009.03.21    xu_lw               HiDataCacheServlet               增加IP地址限制
2009.05.05    xu_lw               HiWebServiceImpl                 设置安全文件为可选 
2009.05.05    xu_lw               HiRawServiceImpl                 设置安全文件为可选
2009.05.05    xu_lw               HiAbstractChannelService         设置安全文件为可选
2009.04.16    xu_lw               HiRawServiceImpl                 增加指定编码方式
2009.04.16    xu_lw               HiWebServiceImpl                 增加指定编码方式
2009.04.16    xu_lw               HiAbstractChannelService         增加指定编码方式
2009.06.01    xu_lw               HiChartTag                       增加Chart标签
2009.06.01    xu_lw               HiFileTag                        增加File标签
2009.06.29    xu_lw               HiDataCacheServlet               增加IP地址限制
2009.07.13    xu_lw               HiAbstractChannelService         增加logSwitch参数
2009.07.20    xu_lw               HiConvertTag                     修改日志
