2010-03-18 11:01:23,687  INFO [      main] ClassPathXmlApplicationContext:412 - Refreshing org.springframework.context.support.ClassPathXmlApplicationContext@1f20eeb: display name [org.springframework.context.support.ClassPathXmlApplicationContext@1f20eeb]; startup date [Thu Mar 18 11:01:23 CST 2010]; root of context hierarchy
2010-03-18 11:01:23,781  INFO [      main] XmlBeanDefinitionReader:323 - Loading XML bean definitions from URL [file:/E:/fep2.1/pp/applicationContext-pp.xml]
2010-03-18 11:01:24,296  INFO [      main] ClassPathXmlApplicationContext:427 - Bean factory for application context [org.springframework.context.support.ClassPathXmlApplicationContext@1f20eeb]: org.springframework.beans.factory.support.DefaultListableBeanFactory@1995d80
2010-03-18 11:01:24,390  INFO [      main] PropertyPlaceholderConfigurer:178 - Loading properties file from class path resource [application.properties]
2010-03-18 11:01:24,406  INFO [      main] DefaultListableBeanFactory:414 - Pre-instantiating singletons in org.springframework.beans.factory.support.DefaultListableBeanFactory@1995d80: defining beans [propertyConfigurer,fe.webServiceServer]; root of factory hierarchy
2010-03-18 11:01:24,406  INFO [      main] DefaultListableBeanFactory:392 - Destroying singletons in org.springframework.beans.factory.support.DefaultListableBeanFactory@1995d80: defining beans [propertyConfigurer,fe.webServiceServer]; root of factory hierarchy
2010-03-18 11:03:03,750  INFO [      main] ClassPathXmlApplicationContext:412 - Refreshing org.springframework.context.support.ClassPathXmlApplicationContext@1f20eeb: display name [org.springframework.context.support.ClassPathXmlApplicationContext@1f20eeb]; startup date [Thu Mar 18 11:03:03 CST 2010]; root of context hierarchy
2010-03-18 11:03:03,812  INFO [      main] XmlBeanDefinitionReader:323 - Loading XML bean definitions from URL [file:/E:/fep2.1/pp/applicationContext-pp.xml]
2010-03-18 11:03:04,218  INFO [      main] ClassPathXmlApplicationContext:427 - Bean factory for application context [org.springframework.context.support.ClassPathXmlApplicationContext@1f20eeb]: org.springframework.beans.factory.support.DefaultListableBeanFactory@1995d80
2010-03-18 11:03:04,265  INFO [      main] PropertyPlaceholderConfigurer:178 - Loading properties file from class path resource [application.properties]
2010-03-18 11:03:04,265  INFO [      main] DefaultListableBeanFactory:414 - Pre-instantiating singletons in org.springframework.beans.factory.support.DefaultListableBeanFactory@1995d80: defining beans [propertyConfigurer,fe.webServiceServer]; root of factory hierarchy
2010-03-18 11:03:04,265  INFO [      main] DefaultListableBeanFactory:392 - Destroying singletons in org.springframework.beans.factory.support.DefaultListableBeanFactory@1995d80: defining beans [propertyConfigurer,fe.webServiceServer]; root of factory hierarchy
2010-03-18 11:08:58,343  INFO [      main] ClassPathXmlApplicationContext:412 - Refreshing org.springframework.context.support.ClassPathXmlApplicationContext@1f20eeb: display name [org.springframework.context.support.ClassPathXmlApplicationContext@1f20eeb]; startup date [Thu Mar 18 11:08:58 CST 2010]; root of context hierarchy
2010-03-18 11:08:58,406  INFO [      main] XmlBeanDefinitionReader:323 - Loading XML bean definitions from URL [file:/E:/fep2.1/pp/applicationContext-pp.xml]
2010-03-18 11:08:58,812  INFO [      main] ClassPathXmlApplicationContext:427 - Bean factory for application context [org.springframework.context.support.ClassPathXmlApplicationContext@1f20eeb]: org.springframework.beans.factory.support.DefaultListableBeanFactory@1995d80
2010-03-18 11:08:58,859  INFO [      main] PropertyPlaceholderConfigurer:178 - Loading properties file from class path resource [application.properties]
2010-03-18 11:08:58,859  INFO [      main] DefaultListableBeanFactory:414 - Pre-instantiating singletons in org.springframework.beans.factory.support.DefaultListableBeanFactory@1995d80: defining beans [propertyConfigurer,fe.webServiceServer]; root of factory hierarchy
2010-03-18 11:08:58,859  INFO [      main] DefaultListableBeanFactory:392 - Destroying singletons in org.springframework.beans.factory.support.DefaultListableBeanFactory@1995d80: defining beans [propertyConfigurer,fe.webServiceServer]; root of factory hierarchy
2010-03-18 11:09:54,812  INFO [      main] ClassPathXmlApplicationContext:412 - Refreshing org.springframework.context.support.ClassPathXmlApplicationContext@1f20eeb: display name [org.springframework.context.support.ClassPathXmlApplicationContext@1f20eeb]; startup date [Thu Mar 18 11:09:54 CST 2010]; root of context hierarchy
2010-03-18 11:09:54,875  INFO [      main] XmlBeanDefinitionReader:323 - Loading XML bean definitions from URL [file:/E:/fep2.1/pp/applicationContext-pp.xml]
2010-03-18 11:09:55,265  INFO [      main] ClassPathXmlApplicationContext:427 - Bean factory for application context [org.springframework.context.support.ClassPathXmlApplicationContext@1f20eeb]: org.springframework.beans.factory.support.DefaultListableBeanFactory@1995d80
2010-03-18 11:09:55,312  INFO [      main] PropertyPlaceholderConfigurer:178 - Loading properties file from class path resource [application.properties]
2010-03-18 11:09:55,328  INFO [      main] DefaultListableBeanFactory:414 - Pre-instantiating singletons in org.springframework.beans.factory.support.DefaultListableBeanFactory@1995d80: defining beans [propertyConfigurer,fe.webServiceServer]; root of factory hierarchy
2010-03-18 11:09:56,531  INFO [      main] ContextLoader:189 - Root WebApplicationContext: initialization started
2010-03-18 11:09:56,546  INFO [      main] XmlWebApplicationContext:412 - Refreshing org.springframework.web.context.support.XmlWebApplicationContext@1d6f122: display name [Root WebApplicationContext]; startup date [Thu Mar 18 11:09:56 CST 2010]; root of context hierarchy
2010-03-18 11:09:56,546  INFO [      main] XmlBeanDefinitionReader:323 - Loading XML bean definitions from ServletContext resource [/WEB-INF/beans.xml]
2010-03-18 11:09:56,578  INFO [      main] XmlBeanDefinitionReader:323 - Loading XML bean definitions from class path resource [META-INF/cxf/cxf.xml]
2010-03-18 11:09:56,625  INFO [      main] XmlBeanDefinitionReader:323 - Loading XML bean definitions from class path resource [META-INF/cxf/cxf-extension-soap.xml]
2010-03-18 11:09:56,656  INFO [      main] XmlBeanDefinitionReader:323 - Loading XML bean definitions from class path resource [META-INF/cxf/cxf-servlet.xml]
2010-03-18 11:09:56,859  INFO [      main] XmlWebApplicationContext:427 - Bean factory for application context [org.springframework.web.context.support.XmlWebApplicationContext@1d6f122]: org.springframework.beans.factory.support.DefaultListableBeanFactory@67064
2010-03-18 11:09:56,906  INFO [      main] DefaultListableBeanFactory:414 - Pre-instantiating singletons in org.springframework.beans.factory.support.DefaultListableBeanFactory@67064: defining beans [cxf,org.apache.cxf.bus.spring.BusWiringBeanFactoryPostProcessor,org.apache.cxf.bus.spring.Jsr250BeanPostProcessor,org.apache.cxf.bus.spring.BusExtensionPostProcessor,org.apache.cxf.resource.ResourceManager,org.apache.cxf.configuration.Configurer,org.apache.cxf.binding.BindingFactoryManager,org.apache.cxf.transport.DestinationFactoryManager,org.apache.cxf.transport.ConduitInitiatorManager,org.apache.cxf.wsdl.WSDLManager,org.apache.cxf.phase.PhaseManager,org.apache.cxf.workqueue.WorkQueueManager,org.apache.cxf.buslifecycle.BusLifeCycleManager,org.apache.cxf.endpoint.ServerRegistry,org.apache.cxf.endpoint.ServerLifeCycleManager,org.apache.cxf.endpoint.ClientLifeCycleManager,org.apache.cxf.transports.http.QueryHandlerRegistry,org.apache.cxf.endpoint.EndpointResolverRegistry,org.apache.cxf.headers.HeaderManager,org.apache.cxf.catalog.OASISCatalogManager,org.apache.cxf.endpoint.ServiceContractResolverRegistry,org.apache.cxf.binding.soap.SoapBindingFactory,org.apache.cxf.binding.soap.SoapTransportFactory,org.apache.cxf.binding.soap.customEditorConfigurer,org.apache.cxf.transport.servlet.ServletTransportFactory,ProtocolManage]; root of factory hierarchy
2010-03-18 11:09:57,828  INFO [      main] ContextLoader:209 - Root WebApplicationContext: initialization completed in 1297 ms
2010-03-18 11:09:57,875  INFO [      main] BusApplicationContext:412 - Refreshing org.apache.cxf.bus.spring.BusApplicationContext@4a5c78: display name [org.apache.cxf.bus.spring.BusApplicationContext@4a5c78]; startup date [Thu Mar 18 11:09:57 CST 2010]; parent: org.springframework.web.context.support.XmlWebApplicationContext@1d6f122
2010-03-18 11:09:57,921  INFO [      main] BusApplicationContext:427 - Bean factory for application context [org.apache.cxf.bus.spring.BusApplicationContext@4a5c78]: org.springframework.beans.factory.support.DefaultListableBeanFactory@180b22e
2010-03-18 11:09:57,921  INFO [      main] DefaultListableBeanFactory:414 - Pre-instantiating singletons in org.springframework.beans.factory.support.DefaultListableBeanFactory@180b22e: defining beans []; parent: org.springframework.beans.factory.support.DefaultListableBeanFactory@67064
2010-03-18 11:09:57,937  INFO [      main] WebServiceServer:63 - WebService Server started£¬port=9003
