2011-09-01 09:09:24,773 pool-3-thread-3 ERROR db.SMSServiceIMP - StatementCallback; SQL [select a.id, d.logical_addr, e.gp_addr from a_sms_receive a, a_sms_send b, e_loubao_event c, c_terminal d, c_gp e where a.telecode=b.telecode and a.msg=b.tag and to_number(b.tag)=c.lbsj_id and c.gp_id=e.gp_id and e.term_id=d.term_id]; Io 异常: Software caused connection abort: recv failed; nested exception is java.sql.SQLException: Io 异常: Software caused connection abort: recv failed
2011-09-01 09:09:25,530 pool-3-thread-1 ERROR db.RTTaskServiceIMP - StatementCallback; SQL [select TASK_ID,SEQUENCE_CODE,LOGICAL_ADDR,SEND_MSG,POST_TIME,TASK_STATUS,GP_MARK,COMMAND_MARK from r_realtime_task where TASK_STATUS = '0']; Io 异常: Software caused connection abort: recv failed; nested exception is java.sql.SQLException: Io 异常: Software caused connection abort: recv failed
2011-09-01 09:09:46,439 pool-3-thread-1 ERROR db.RTTaskServiceIMP - StatementCallback; SQL [select TASK_ID,SEQUENCE_CODE,LOGICAL_ADDR,SEND_MSG,POST_TIME,TASK_STATUS,GP_MARK,COMMAND_MARK from r_realtime_task where TASK_STATUS = '0']; Io 异常: Software caused connection abort: recv failed; nested exception is java.sql.SQLException: Io 异常: Software caused connection abort: recv failed
2011-09-01 09:09:48,464 pool-3-thread-1 ERROR db.RTTaskServiceIMP - Could not get JDBC Connection; nested exception is java.sql.SQLException: Io 异常: The Network Adapter could not establish the connection
2011-09-01 09:09:48,688 pool-3-thread-3 ERROR db.SMSServiceIMP - StatementCallback; SQL [select a.id, d.logical_addr, e.gp_addr from a_sms_receive a, a_sms_send b, e_loubao_event c, c_terminal d, c_gp e where a.telecode=b.telecode and a.msg=b.tag and to_number(b.tag)=c.lbsj_id and c.gp_id=e.gp_id and e.term_id=d.term_id]; Io 异常: Software caused connection abort: recv failed; nested exception is java.sql.SQLException: Io 异常: Software caused connection abort: recv failed
2011-09-01 09:09:50,469 pool-3-thread-1 ERROR db.RTTaskServiceIMP - Could not get JDBC Connection; nested exception is java.sql.SQLException: Io 异常: The Network Adapter could not establish the connection
2011-09-01 09:09:52,472 pool-3-thread-1 ERROR db.RTTaskServiceIMP - Could not get JDBC Connection; nested exception is java.sql.SQLException: Io 异常: The Network Adapter could not establish the connection
2011-09-01 09:09:53,690 pool-3-thread-3 ERROR db.SMSServiceIMP - Could not get JDBC Connection; nested exception is java.sql.SQLException: Io 异常: The Network Adapter could not establish the connection
2011-09-01 09:09:54,478 pool-3-thread-1 ERROR db.RTTaskServiceIMP - Could not get JDBC Connection; nested exception is java.sql.SQLException: Io 异常: The Network Adapter could not establish the connection
2011-09-01 09:09:56,485 pool-3-thread-1 ERROR db.RTTaskServiceIMP - Could not get JDBC Connection; nested exception is java.sql.SQLException: Io 异常: The Network Adapter could not establish the connection
2011-09-01 09:09:58,488 pool-3-thread-1 ERROR db.RTTaskServiceIMP - Could not get JDBC Connection; nested exception is java.sql.SQLException: Io 异常: The Network Adapter could not establish the connection
2011-09-01 09:09:58,696 pool-3-thread-3 ERROR db.SMSServiceIMP - Could not get JDBC Connection; nested exception is java.sql.SQLException: Io 异常: The Network Adapter could not establish the connection
2011-09-01 09:10:00,496 pool-3-thread-1 ERROR db.RTTaskServiceIMP - Could not get JDBC Connection; nested exception is java.sql.SQLException: Io 异常: The Network Adapter could not establish the connection
2011-09-01 09:10:02,503 pool-3-thread-1 ERROR db.RTTaskServiceIMP - Could not get JDBC Connection; nested exception is java.sql.SQLException: Io 异常: The Network Adapter could not establish the connection
2011-09-01 09:10:03,701 pool-3-thread-3 ERROR db.SMSServiceIMP - Could not get JDBC Connection; nested exception is java.sql.SQLException: Io 异常: The Network Adapter could not establish the connection
2011-09-01 09:10:04,506 pool-3-thread-1 ERROR db.RTTaskServiceIMP - Could not get JDBC Connection; nested exception is java.sql.SQLException: Io 异常: The Network Adapter could not establish the connection
2011-09-01 09:10:06,513 pool-3-thread-1 ERROR db.RTTaskServiceIMP - Could not get JDBC Connection; nested exception is java.sql.SQLException: Io 异常: The Network Adapter could not establish the connection
2011-09-01 09:10:08,518 pool-3-thread-1 ERROR db.RTTaskServiceIMP - Could not get JDBC Connection; nested exception is java.sql.SQLException: Io 异常: The Network Adapter could not establish the connection
2011-09-01 09:10:08,705 pool-3-thread-3 ERROR db.SMSServiceIMP - Could not get JDBC Connection; nested exception is java.sql.SQLException: Io 异常: The Network Adapter could not establish the connection
2011-09-01 09:10:10,522 pool-3-thread-1 ERROR db.RTTaskServiceIMP - Could not get JDBC Connection; nested exception is java.sql.SQLException: Io 异常: The Network Adapter could not establish the connection
2011-09-01 09:10:12,525 pool-3-thread-1 ERROR db.RTTaskServiceIMP - Could not get JDBC Connection; nested exception is java.sql.SQLException: Io 异常: The Network Adapter could not establish the connection
2011-09-01 09:10:13,711 pool-3-thread-3 ERROR db.SMSServiceIMP - Could not get JDBC Connection; nested exception is java.sql.SQLException: Io 异常: The Network Adapter could not establish the connection
2011-09-01 09:10:14,532 pool-3-thread-1 ERROR db.RTTaskServiceIMP - Could not get JDBC Connection; nested exception is java.sql.SQLException: Io 异常: The Network Adapter could not establish the connection
2011-09-01 09:10:16,536 pool-3-thread-1 ERROR db.RTTaskServiceIMP - Could not get JDBC Connection; nested exception is java.sql.SQLException: Io 异常: The Network Adapter could not establish the connection
2011-09-01 09:10:18,546 pool-3-thread-1 ERROR db.RTTaskServiceIMP - Could not get JDBC Connection; nested exception is java.sql.SQLException: Io 异常: The Network Adapter could not establish the connection
2011-09-01 09:10:18,714 pool-3-thread-3 ERROR db.SMSServiceIMP - Could not get JDBC Connection; nested exception is java.sql.SQLException: Io 异常: The Network Adapter could not establish the connection
2011-09-01 09:10:20,555 pool-3-thread-1 ERROR db.RTTaskServiceIMP - Could not get JDBC Connection; nested exception is java.sql.SQLException: Io 异常: The Network Adapter could not establish the connection
2011-09-01 09:10:22,559 pool-3-thread-1 ERROR db.RTTaskServiceIMP - Could not get JDBC Connection; nested exception is java.sql.SQLException: Io 异常: The Network Adapter could not establish the connection
2011-09-01 09:10:23,716 pool-3-thread-3 ERROR db.SMSServiceIMP - Could not get JDBC Connection; nested exception is java.sql.SQLException: Io 异常: The Network Adapter could not establish the connection
2011-09-01 09:10:24,562 pool-3-thread-1 ERROR db.RTTaskServiceIMP - Could not get JDBC Connection; nested exception is java.sql.SQLException: Io 异常: The Network Adapter could not establish the connection
2011-09-01 09:10:26,567 pool-3-thread-1 ERROR db.RTTaskServiceIMP - Could not get JDBC Connection; nested exception is java.sql.SQLException: Io 异常: The Network Adapter could not establish the connection
2011-09-01 09:10:28,572 pool-3-thread-1 ERROR db.RTTaskServiceIMP - Could not get JDBC Connection; nested exception is java.sql.SQLException: Io 异常: The Network Adapter could not establish the connection
2011-09-01 09:10:28,719 pool-3-thread-3 ERROR db.SMSServiceIMP - Could not get JDBC Connection; nested exception is java.sql.SQLException: Io 异常: The Network Adapter could not establish the connection
2011-09-01 09:10:30,581 pool-3-thread-1 ERROR db.RTTaskServiceIMP - Could not get JDBC Connection; nested exception is java.sql.SQLException: Io 异常: The Network Adapter could not establish the connection
2011-09-01 09:10:32,585 pool-3-thread-1 ERROR db.RTTaskServiceIMP - Could not get JDBC Connection; nested exception is java.sql.SQLException: Io 异常: The Network Adapter could not establish the connection
2011-09-01 09:10:33,723 pool-3-thread-3 ERROR db.SMSServiceIMP - Could not get JDBC Connection; nested exception is java.sql.SQLException: Io 异常: The Network Adapter could not establish the connection
2011-09-01 09:10:34,588 pool-3-thread-1 ERROR db.RTTaskServiceIMP - Could not get JDBC Connection; nested exception is java.sql.SQLException: Io 异常: The Network Adapter could not establish the connection
2011-09-01 09:10:36,592 pool-3-thread-1 ERROR db.RTTaskServiceIMP - Could not get JDBC Connection; nested exception is java.sql.SQLException: Io 异常: The Network Adapter could not establish the connection
2011-09-01 09:10:38,595 pool-3-thread-1 ERROR db.RTTaskServiceIMP - Could not get JDBC Connection; nested exception is java.sql.SQLException: Io 异常: The Network Adapter could not establish the connection
2011-09-01 09:10:38,765 pool-3-thread-3 ERROR db.SMSServiceIMP - Could not get JDBC Connection; nested exception is java.sql.SQLException: Io 异常: The Network Adapter could not establish the connection
2011-09-01 09:10:40,601 pool-3-thread-1 ERROR db.RTTaskServiceIMP - Could not get JDBC Connection; nested exception is java.sql.SQLException: Io 异常: The Network Adapter could not establish the connection
2011-09-01 09:10:42,606 pool-3-thread-1 ERROR db.RTTaskServiceIMP - Could not get JDBC Connection; nested exception is java.sql.SQLException: Io 异常: The Network Adapter could not establish the connection
2011-09-01 09:10:43,768 pool-3-thread-3 ERROR db.SMSServiceIMP - Could not get JDBC Connection; nested exception is java.sql.SQLException: Io 异常: The Network Adapter could not establish the connection
2011-09-01 09:10:44,614 pool-3-thread-1 ERROR db.RTTaskServiceIMP - Could not get JDBC Connection; nested exception is java.sql.SQLException: Io 异常: The Network Adapter could not establish the connection
2011-09-01 09:10:46,617 pool-3-thread-1 ERROR db.RTTaskServiceIMP - Could not get JDBC Connection; nested exception is java.sql.SQLException: Io 异常: The Network Adapter could not establish the connection
2011-09-01 09:10:48,624 pool-3-thread-1 ERROR db.RTTaskServiceIMP - Could not get JDBC Connection; nested exception is java.sql.SQLException: Io 异常: The Network Adapter could not establish the connection
2011-09-01 09:10:48,773 pool-3-thread-3 ERROR db.SMSServiceIMP - Could not get JDBC Connection; nested exception is java.sql.SQLException: Io 异常: The Network Adapter could not establish the connection
2011-09-01 09:10:50,626 pool-3-thread-1 ERROR db.RTTaskServiceIMP - Could not get JDBC Connection; nested exception is java.sql.SQLException: Io 异常: The Network Adapter could not establish the connection
2011-09-01 09:10:52,630 pool-3-thread-1 ERROR db.RTTaskServiceIMP - Could not get JDBC Connection; nested exception is java.sql.SQLException: Io 异常: The Network Adapter could not establish the connection
2011-09-01 09:10:53,778 pool-3-thread-3 ERROR db.SMSServiceIMP - Could not get JDBC Connection; nested exception is java.sql.SQLException: Io 异常: The Network Adapter could not establish the connection
2011-09-01 09:10:54,633 pool-3-thread-1 ERROR db.RTTaskServiceIMP - Could not get JDBC Connection; nested exception is java.sql.SQLException: Io 异常: The Network Adapter could not establish the connection
2011-09-01 09:10:56,636 pool-3-thread-1 ERROR db.RTTaskServiceIMP - Could not get JDBC Connection; nested exception is java.sql.SQLException: Io 异常: The Network Adapter could not establish the connection
2011-09-01 09:10:58,639 pool-3-thread-1 ERROR db.RTTaskServiceIMP - Could not get JDBC Connection; nested exception is java.sql.SQLException: Io 异常: The Network Adapter could not establish the connection
2011-09-01 09:10:58,782 pool-3-thread-3 ERROR db.SMSServiceIMP - Could not get JDBC Connection; nested exception is java.sql.SQLException: Io 异常: The Network Adapter could not establish the connection
2011-09-01 09:11:00,642 pool-3-thread-1 ERROR db.RTTaskServiceIMP - Could not get JDBC Connection; nested exception is java.sql.SQLException: Io 异常: The Network Adapter could not establish the connection
2011-09-01 09:11:02,645 pool-3-thread-1 ERROR db.RTTaskServiceIMP - Could not get JDBC Connection; nested exception is java.sql.SQLException: Io 异常: The Network Adapter could not establish the connection
2011-09-01 09:11:03,784 pool-3-thread-3 ERROR db.SMSServiceIMP - Could not get JDBC Connection; nested exception is java.sql.SQLException: Io 异常: The Network Adapter could not establish the connection
2011-09-01 09:11:04,649 pool-3-thread-1 ERROR db.RTTaskServiceIMP - Could not get JDBC Connection; nested exception is java.sql.SQLException: Io 异常: The Network Adapter could not establish the connection
2011-09-01 09:11:06,652 pool-3-thread-1 ERROR db.RTTaskServiceIMP - Could not get JDBC Connection; nested exception is java.sql.SQLException: Io 异常: The Network Adapter could not establish the connection
2011-09-01 09:11:08,655 pool-3-thread-1 ERROR db.RTTaskServiceIMP - Could not get JDBC Connection; nested exception is java.sql.SQLException: Io 异常: The Network Adapter could not establish the connection
2011-09-01 09:11:08,788 pool-3-thread-3 ERROR db.SMSServiceIMP - Could not get JDBC Connection; nested exception is java.sql.SQLException: Io 异常: The Network Adapter could not establish the connection
2011-09-01 09:11:10,660 pool-3-thread-1 ERROR db.RTTaskServiceIMP - Could not get JDBC Connection; nested exception is java.sql.SQLException: Io 异常: The Network Adapter could not establish the connection
2011-09-01 09:11:12,666 pool-3-thread-1 ERROR db.RTTaskServiceIMP - Could not get JDBC Connection; nested exception is java.sql.SQLException: Io 异常: The Network Adapter could not establish the connection
2011-09-01 09:11:13,792 pool-3-thread-3 ERROR db.SMSServiceIMP - Could not get JDBC Connection; nested exception is java.sql.SQLException: Io 异常: The Network Adapter could not establish the connection
2011-09-01 09:11:14,669 pool-3-thread-1 ERROR db.RTTaskServiceIMP - Could not get JDBC Connection; nested exception is java.sql.SQLException: Io 异常: The Network Adapter could not establish the connection
2011-09-01 09:11:16,672 pool-3-thread-1 ERROR db.RTTaskServiceIMP - Could not get JDBC Connection; nested exception is java.sql.SQLException: Io 异常: The Network Adapter could not establish the connection
2011-09-01 09:11:18,676 pool-3-thread-1 ERROR db.RTTaskServiceIMP - Could not get JDBC Connection; nested exception is java.sql.SQLException: Io 异常: The Network Adapter could not establish the connection
2011-09-01 09:11:18,794 pool-3-thread-3 ERROR db.SMSServiceIMP - Could not get JDBC Connection; nested exception is java.sql.SQLException: Io 异常: The Network Adapter could not establish the connection
2011-09-01 09:11:20,678 pool-3-thread-1 ERROR db.RTTaskServiceIMP - Could not get JDBC Connection; nested exception is java.sql.SQLException: Io 异常: The Network Adapter could not establish the connection
2011-09-01 09:11:22,683 pool-3-thread-1 ERROR db.RTTaskServiceIMP - Could not get JDBC Connection; nested exception is java.sql.SQLException: Io 异常: The Network Adapter could not establish the connection
2011-09-01 09:11:23,797 pool-3-thread-3 ERROR db.SMSServiceIMP - Could not get JDBC Connection; nested exception is java.sql.SQLException: Io 异常: The Network Adapter could not establish the connection
2011-09-01 09:11:24,686 pool-3-thread-1 ERROR db.RTTaskServiceIMP - Could not get JDBC Connection; nested exception is java.sql.SQLException: Io 异常: The Network Adapter could not establish the connection
2011-09-01 09:11:26,689 pool-3-thread-1 ERROR db.RTTaskServiceIMP - Could not get JDBC Connection; nested exception is java.sql.SQLException: Io 异常: The Network Adapter could not establish the connection
2011-09-01 09:11:28,692 pool-3-thread-1 ERROR db.RTTaskServiceIMP - Could not get JDBC Connection; nested exception is java.sql.SQLException: Io 异常: The Network Adapter could not establish the connection
2011-09-01 09:11:28,800 pool-3-thread-3 ERROR db.SMSServiceIMP - Could not get JDBC Connection; nested exception is java.sql.SQLException: Io 异常: The Network Adapter could not establish the connection
2011-09-01 09:11:30,695 pool-3-thread-1 ERROR db.RTTaskServiceIMP - Could not get JDBC Connection; nested exception is java.sql.SQLException: Io 异常: The Network Adapter could not establish the connection
2011-09-01 09:11:32,701 pool-3-thread-1 ERROR db.RTTaskServiceIMP - Could not get JDBC Connection; nested exception is java.sql.SQLException: Io 异常: The Network Adapter could not establish the connection
2011-09-01 09:11:33,803 pool-3-thread-3 ERROR db.SMSServiceIMP - Could not get JDBC Connection; nested exception is java.sql.SQLException: Io 异常: The Network Adapter could not establish the connection
2011-09-01 09:11:34,705 pool-3-thread-1 ERROR db.RTTaskServiceIMP - Could not get JDBC Connection; nested exception is java.sql.SQLException: Io 异常: The Network Adapter could not establish the connection
2011-09-01 09:11:36,707 pool-3-thread-1 ERROR db.RTTaskServiceIMP - Could not get JDBC Connection; nested exception is java.sql.SQLException: Io 异常: The Network Adapter could not establish the connection
2011-09-01 09:11:38,710 pool-3-thread-1 ERROR db.RTTaskServiceIMP - Could not get JDBC Connection; nested exception is java.sql.SQLException: Io 异常: The Network Adapter could not establish the connection
2011-09-01 09:11:38,806 pool-3-thread-3 ERROR db.SMSServiceIMP - Could not get JDBC Connection; nested exception is java.sql.SQLException: Io 异常: The Network Adapter could not establish the connection
2011-09-01 09:11:40,715 pool-3-thread-1 ERROR db.RTTaskServiceIMP - Could not get JDBC Connection; nested exception is java.sql.SQLException: Io 异常: The Network Adapter could not establish the connection
2011-09-01 09:11:42,718 pool-3-thread-1 ERROR db.RTTaskServiceIMP - Could not get JDBC Connection; nested exception is java.sql.SQLException: Io 异常: The Network Adapter could not establish the connection
2011-09-01 09:11:43,809 pool-3-thread-3 ERROR db.SMSServiceIMP - Could not get JDBC Connection; nested exception is java.sql.SQLException: Io 异常: The Network Adapter could not establish the connection
2011-09-01 09:11:44,722 pool-3-thread-1 ERROR db.RTTaskServiceIMP - Could not get JDBC Connection; nested exception is java.sql.SQLException: Io 异常: The Network Adapter could not establish the connection
2011-09-01 09:11:46,724 pool-3-thread-1 ERROR db.RTTaskServiceIMP - Could not get JDBC Connection; nested exception is java.sql.SQLException: Io 异常: The Network Adapter could not establish the connection
2011-09-01 09:11:48,727 pool-3-thread-1 ERROR db.RTTaskServiceIMP - Could not get JDBC Connection; nested exception is java.sql.SQLException: Io 异常: The Network Adapter could not establish the connection
2011-09-01 09:11:48,812 pool-3-thread-3 ERROR db.SMSServiceIMP - Could not get JDBC Connection; nested exception is java.sql.SQLException: Io 异常: The Network Adapter could not establish the connection
2011-09-01 09:11:50,731 pool-3-thread-1 ERROR db.RTTaskServiceIMP - Could not get JDBC Connection; nested exception is java.sql.SQLException: Io 异常: The Network Adapter could not establish the connection
2011-09-01 09:11:52,735 pool-3-thread-1 ERROR db.RTTaskServiceIMP - Could not get JDBC Connection; nested exception is java.sql.SQLException: Io 异常: The Network Adapter could not establish the connection
2011-09-01 09:11:53,815 pool-3-thread-3 ERROR db.SMSServiceIMP - Could not get JDBC Connection; nested exception is java.sql.SQLException: Io 异常: The Network Adapter could not establish the connection
2011-09-01 09:11:54,737 pool-3-thread-1 ERROR db.RTTaskServiceIMP - Could not get JDBC Connection; nested exception is java.sql.SQLException: Io 异常: The Network Adapter could not establish the connection
2011-09-01 09:11:56,740 pool-3-thread-1 ERROR db.RTTaskServiceIMP - Could not get JDBC Connection; nested exception is java.sql.SQLException: Io 异常: The Network Adapter could not establish the connection
2011-09-01 09:11:58,744 pool-3-thread-1 ERROR db.RTTaskServiceIMP - Could not get JDBC Connection; nested exception is java.sql.SQLException: Io 异常: The Network Adapter could not establish the connection
2011-09-01 09:11:58,819 pool-3-thread-3 ERROR db.SMSServiceIMP - Could not get JDBC Connection; nested exception is java.sql.SQLException: Io 异常: The Network Adapter could not establish the connection
2011-09-01 09:12:00,748 pool-3-thread-1 ERROR db.RTTaskServiceIMP - Could not get JDBC Connection; nested exception is java.sql.SQLException: Io 异常: The Network Adapter could not establish the connection
2011-09-01 09:12:02,751 pool-3-thread-1 ERROR db.RTTaskServiceIMP - Could not get JDBC Connection; nested exception is java.sql.SQLException: Io 异常: The Network Adapter could not establish the connection
2011-09-01 09:12:03,821 pool-3-thread-3 ERROR db.SMSServiceIMP - Could not get JDBC Connection; nested exception is java.sql.SQLException: Io 异常: The Network Adapter could not establish the connection
2011-09-01 09:12:04,754 pool-3-thread-1 ERROR db.RTTaskServiceIMP - Could not get JDBC Connection; nested exception is java.sql.SQLException: Io 异常: The Network Adapter could not establish the connection
2011-09-01 09:12:06,758 pool-3-thread-1 ERROR db.RTTaskServiceIMP - Could not get JDBC Connection; nested exception is java.sql.SQLException: Io 异常: The Network Adapter could not establish the connection
2011-09-01 09:12:08,760 pool-3-thread-1 ERROR db.RTTaskServiceIMP - Could not get JDBC Connection; nested exception is java.sql.SQLException: Io 异常: The Network Adapter could not establish the connection
2011-09-01 09:12:08,824 pool-3-thread-3 ERROR db.SMSServiceIMP - Could not get JDBC Connection; nested exception is java.sql.SQLException: Io 异常: The Network Adapter could not establish the connection
2011-09-01 09:12:10,765 pool-3-thread-1 ERROR db.RTTaskServiceIMP - Could not get JDBC Connection; nested exception is java.sql.SQLException: Io 异常: The Network Adapter could not establish the connection
2011-09-01 09:12:12,767 pool-3-thread-1 ERROR db.RTTaskServiceIMP - Could not get JDBC Connection; nested exception is java.sql.SQLException: Io 异常: The Network Adapter could not establish the connection
2011-09-01 09:12:13,827 pool-3-thread-3 ERROR db.SMSServiceIMP - Could not get JDBC Connection; nested exception is java.sql.SQLException: Io 异常: The Network Adapter could not establish the connection
2011-09-01 09:12:14,771 pool-3-thread-1 ERROR db.RTTaskServiceIMP - Could not get JDBC Connection; nested exception is java.sql.SQLException: Io 异常: The Network Adapter could not establish the connection
2011-09-01 09:12:16,778 pool-3-thread-1 ERROR db.RTTaskServiceIMP - Could not get JDBC Connection; nested exception is java.sql.SQLException: Io 异常: The Network Adapter could not establish the connection
2011-09-01 09:12:18,783 pool-3-thread-1 ERROR db.RTTaskServiceIMP - Could not get JDBC Connection; nested exception is java.sql.SQLException: Io 异常: The Network Adapter could not establish the connection
2011-09-01 09:12:18,831 pool-3-thread-3 ERROR db.SMSServiceIMP - Could not get JDBC Connection; nested exception is java.sql.SQLException: Io 异常: The Network Adapter could not establish the connection
2011-09-01 09:12:20,786 pool-3-thread-1 ERROR db.RTTaskServiceIMP - Could not get JDBC Connection; nested exception is java.sql.SQLException: Io 异常: The Network Adapter could not establish the connection
2011-09-01 09:12:22,789 pool-3-thread-1 ERROR db.RTTaskServiceIMP - Could not get JDBC Connection; nested exception is java.sql.SQLException: Io 异常: The Network Adapter could not establish the connection
2011-09-01 09:12:23,834 pool-3-thread-3 ERROR db.SMSServiceIMP - Could not get JDBC Connection; nested exception is java.sql.SQLException: Io 异常: The Network Adapter could not establish the connection
2011-09-01 09:12:24,794 pool-3-thread-1 ERROR db.RTTaskServiceIMP - Could not get JDBC Connection; nested exception is java.sql.SQLException: Io 异常: The Network Adapter could not establish the connection
2011-09-01 09:12:26,798 pool-3-thread-1 ERROR db.RTTaskServiceIMP - Could not get JDBC Connection; nested exception is java.sql.SQLException: Io 异常: The Network Adapter could not establish the connection
2011-09-01 09:12:28,801 pool-3-thread-1 ERROR db.RTTaskServiceIMP - Could not get JDBC Connection; nested exception is java.sql.SQLException: Io 异常: The Network Adapter could not establish the connection
2011-09-01 09:12:28,836 pool-3-thread-3 ERROR db.SMSServiceIMP - Could not get JDBC Connection; nested exception is java.sql.SQLException: Io 异常: The Network Adapter could not establish the connection
2011-09-01 09:12:30,803 pool-3-thread-1 ERROR db.RTTaskServiceIMP - Could not get JDBC Connection; nested exception is java.sql.SQLException: Io 异常: The Network Adapter could not establish the connection
2011-09-01 09:12:32,810 pool-3-thread-1 ERROR db.RTTaskServiceIMP - Could not get JDBC Connection; nested exception is java.sql.SQLException: Io 异常: The Network Adapter could not establish the connection
2011-09-01 09:12:33,840 pool-3-thread-3 ERROR db.SMSServiceIMP - Could not get JDBC Connection; nested exception is java.sql.SQLException: Io 异常: The Network Adapter could not establish the connection
2011-09-01 09:12:34,816 pool-3-thread-1 ERROR db.RTTaskServiceIMP - Could not get JDBC Connection; nested exception is java.sql.SQLException: Io 异常: The Network Adapter could not establish the connection
2011-09-01 09:12:36,818 pool-3-thread-1 ERROR db.RTTaskServiceIMP - Could not get JDBC Connection; nested exception is java.sql.SQLException: Io 异常: The Network Adapter could not establish the connection
2011-09-01 09:12:38,821 pool-3-thread-1 ERROR db.RTTaskServiceIMP - Could not get JDBC Connection; nested exception is java.sql.SQLException: Io 异常: The Network Adapter could not establish the connection
2011-09-01 09:12:38,843 pool-3-thread-3 ERROR db.SMSServiceIMP - Could not get JDBC Connection; nested exception is java.sql.SQLException: Io 异常: The Network Adapter could not establish the connection
2011-09-01 09:12:40,824 pool-3-thread-1 ERROR db.RTTaskServiceIMP - Could not get JDBC Connection; nested exception is java.sql.SQLException: Io 异常: The Network Adapter could not establish the connection
2011-09-01 09:12:42,827 pool-3-thread-1 ERROR db.RTTaskServiceIMP - Could not get JDBC Connection; nested exception is java.sql.SQLException: Io 异常: The Network Adapter could not establish the connection
2011-09-01 09:12:43,845 pool-3-thread-3 ERROR db.SMSServiceIMP - Could not get JDBC Connection; nested exception is java.sql.SQLException: Io 异常: The Network Adapter could not establish the connection
2011-09-01 09:12:44,830 pool-3-thread-1 ERROR db.RTTaskServiceIMP - Could not get JDBC Connection; nested exception is java.sql.SQLException: Io 异常: The Network Adapter could not establish the connection
2011-09-01 09:12:46,835 pool-3-thread-1 ERROR db.RTTaskServiceIMP - Could not get JDBC Connection; nested exception is java.sql.SQLException: Io 异常: The Network Adapter could not establish the connection
2011-09-01 09:12:48,837 pool-3-thread-1 ERROR db.RTTaskServiceIMP - Could not get JDBC Connection; nested exception is java.sql.SQLException: Io 异常: The Network Adapter could not establish the connection
2011-09-01 09:12:48,848 pool-3-thread-3 ERROR db.SMSServiceIMP - Could not get JDBC Connection; nested exception is java.sql.SQLException: Io 异常: The Network Adapter could not establish the connection
2011-09-01 09:12:50,848 pool-3-thread-1 ERROR db.RTTaskServiceIMP - Could not get JDBC Connection; nested exception is java.sql.SQLException: Io 异常: The Network Adapter could not establish the connection
2011-09-01 09:12:52,851 pool-3-thread-1 ERROR db.RTTaskServiceIMP - Could not get JDBC Connection; nested exception is java.sql.SQLException: Io 异常: The Network Adapter could not establish the connection
2011-09-01 09:12:53,852 pool-3-thread-3 ERROR db.SMSServiceIMP - Could not get JDBC Connection; nested exception is java.sql.SQLException: Io 异常: The Network Adapter could not establish the connection
2011-09-01 09:12:54,853 pool-3-thread-1 ERROR db.RTTaskServiceIMP - Could not get JDBC Connection; nested exception is java.sql.SQLException: Io 异常: The Network Adapter could not establish the connection
2011-09-01 09:12:56,856 pool-3-thread-1 ERROR db.RTTaskServiceIMP - Could not get JDBC Connection; nested exception is java.sql.SQLException: Io 异常: The Network Adapter could not establish the connection
2011-09-01 09:12:58,855 pool-3-thread-3 ERROR db.SMSServiceIMP - Could not get JDBC Connection; nested exception is java.sql.SQLException: Io 异常: The Network Adapter could not establish the connection
2011-09-01 09:12:58,859 pool-3-thread-1 ERROR db.RTTaskServiceIMP - Could not get JDBC Connection; nested exception is java.sql.SQLException: Io 异常: The Network Adapter could not establish the connection
2011-09-01 09:13:00,861 pool-3-thread-1 ERROR db.RTTaskServiceIMP - Could not get JDBC Connection; nested exception is java.sql.SQLException: Io 异常: The Network Adapter could not establish the connection
2011-09-01 09:13:02,865 pool-3-thread-1 ERROR db.RTTaskServiceIMP - Could not get JDBC Connection; nested exception is java.sql.SQLException: Io 异常: The Network Adapter could not establish the connection
2011-09-01 09:13:03,858 pool-3-thread-3 ERROR db.SMSServiceIMP - Could not get JDBC Connection; nested exception is java.sql.SQLException: Io 异常: The Network Adapter could not establish the connection
2011-09-01 09:13:04,867 pool-3-thread-1 ERROR db.RTTaskServiceIMP - Could not get JDBC Connection; nested exception is java.sql.SQLException: Io 异常: The Network Adapter could not establish the connection
2011-09-01 09:13:06,871 pool-3-thread-1 ERROR db.RTTaskServiceIMP - Could not get JDBC Connection; nested exception is java.sql.SQLException: Io 异常: The Network Adapter could not establish the connection
2011-09-01 09:13:08,865 pool-3-thread-3 ERROR db.SMSServiceIMP - Could not get JDBC Connection; nested exception is java.sql.SQLException: Io 异常: The Network Adapter could not establish the connection
2011-09-01 09:13:08,876 pool-3-thread-1 ERROR db.RTTaskServiceIMP - Could not get JDBC Connection; nested exception is java.sql.SQLException: Io 异常: The Network Adapter could not establish the connection
2011-09-01 09:13:10,879 pool-3-thread-1 ERROR db.RTTaskServiceIMP - Could not get JDBC Connection; nested exception is java.sql.SQLException: Io 异常: The Network Adapter could not establish the connection
2011-09-01 09:13:12,882 pool-3-thread-1 ERROR db.RTTaskServiceIMP - Could not get JDBC Connection; nested exception is java.sql.SQLException: Io 异常: The Network Adapter could not establish the connection
2011-09-01 09:13:13,868 pool-3-thread-3 ERROR db.SMSServiceIMP - Could not get JDBC Connection; nested exception is java.sql.SQLException: Io 异常: The Network Adapter could not establish the connection
2011-09-01 09:13:14,889 pool-3-thread-1 ERROR db.RTTaskServiceIMP - Could not get JDBC Connection; nested exception is java.sql.SQLException: Io 异常: The Network Adapter could not establish the connection
2011-09-01 09:13:16,891 pool-3-thread-1 ERROR db.RTTaskServiceIMP - Could not get JDBC Connection; nested exception is java.sql.SQLException: Io 异常: The Network Adapter could not establish the connection
2011-09-01 09:13:18,871 pool-3-thread-3 ERROR db.SMSServiceIMP - Could not get JDBC Connection; nested exception is java.sql.SQLException: Io 异常: The Network Adapter could not establish the connection
2011-09-01 09:13:18,895 pool-3-thread-1 ERROR db.RTTaskServiceIMP - Could not get JDBC Connection; nested exception is java.sql.SQLException: Io 异常: The Network Adapter could not establish the connection
2011-09-01 09:13:20,901 pool-3-thread-1 ERROR db.RTTaskServiceIMP - Could not get JDBC Connection; nested exception is java.sql.SQLException: Io 异常: The Network Adapter could not establish the connection
2011-09-01 09:13:22,904 pool-3-thread-1 ERROR db.RTTaskServiceIMP - Could not get JDBC Connection; nested exception is java.sql.SQLException: Io 异常: The Network Adapter could not establish the connection
2011-09-01 09:13:23,873 pool-3-thread-3 ERROR db.SMSServiceIMP - Could not get JDBC Connection; nested exception is java.sql.SQLException: Io 异常: The Network Adapter could not establish the connection
2011-09-01 09:13:24,906 pool-3-thread-1 ERROR db.RTTaskServiceIMP - Could not get JDBC Connection; nested exception is java.sql.SQLException: Io 异常: The Network Adapter could not establish the connection
2011-09-01 09:13:26,911 pool-3-thread-1 ERROR db.RTTaskServiceIMP - Could not get JDBC Connection; nested exception is java.sql.SQLException: Io 异常: The Network Adapter could not establish the connection
2011-09-01 09:13:28,877 pool-3-thread-3 ERROR db.SMSServiceIMP - Could not get JDBC Connection; nested exception is java.sql.SQLException: Io 异常: The Network Adapter could not establish the connection
2011-09-01 09:13:28,914 pool-3-thread-1 ERROR db.RTTaskServiceIMP - Could not get JDBC Connection; nested exception is java.sql.SQLException: Io 异常: The Network Adapter could not establish the connection
2011-09-01 09:13:30,916 pool-3-thread-1 ERROR db.RTTaskServiceIMP - Could not get JDBC Connection; nested exception is java.sql.SQLException: Io 异常: The Network Adapter could not establish the connection
2011-09-01 09:13:32,919 pool-3-thread-1 ERROR db.RTTaskServiceIMP - Could not get JDBC Connection; nested exception is java.sql.SQLException: Io 异常: The Network Adapter could not establish the connection
2011-09-01 09:13:33,881 pool-3-thread-3 ERROR db.SMSServiceIMP - Could not get JDBC Connection; nested exception is java.sql.SQLException: Io 异常: The Network Adapter could not establish the connection
2011-09-01 09:13:34,922 pool-3-thread-1 ERROR db.RTTaskServiceIMP - Could not get JDBC Connection; nested exception is java.sql.SQLException: Io 异常: The Network Adapter could not establish the connection
2011-09-01 09:13:36,926 pool-3-thread-1 ERROR db.RTTaskServiceIMP - Could not get JDBC Connection; nested exception is java.sql.SQLException: Io 异常: The Network Adapter could not establish the connection
2011-09-01 09:13:38,884 pool-3-thread-3 ERROR db.SMSServiceIMP - Could not get JDBC Connection; nested exception is java.sql.SQLException: Io 异常: The Network Adapter could not establish the connection
2011-09-01 09:13:38,929 pool-3-thread-1 ERROR db.RTTaskServiceIMP - Could not get JDBC Connection; nested exception is java.sql.SQLException: Io 异常: The Network Adapter could not establish the connection
2011-09-01 09:13:40,933 pool-3-thread-1 ERROR db.RTTaskServiceIMP - Could not get JDBC Connection; nested exception is java.sql.SQLException: Io 异常: The Network Adapter could not establish the connection
2011-09-01 09:13:42,936 pool-3-thread-1 ERROR db.RTTaskServiceIMP - Could not get JDBC Connection; nested exception is java.sql.SQLException: Io 异常: The Network Adapter could not establish the connection
2011-09-01 09:13:43,887 pool-3-thread-3 ERROR db.SMSServiceIMP - Could not get JDBC Connection; nested exception is java.sql.SQLException: Io 异常: The Network Adapter could not establish the connection
2011-09-01 09:13:44,945 pool-3-thread-1 ERROR db.RTTaskServiceIMP - Could not get JDBC Connection; nested exception is java.sql.SQLException: Io 异常: The Network Adapter could not establish the connection
2011-09-01 09:13:46,947 pool-3-thread-1 ERROR db.RTTaskServiceIMP - Could not get JDBC Connection; nested exception is java.sql.SQLException: Io 异常: The Network Adapter could not establish the connection
2011-09-01 09:13:48,890 pool-3-thread-3 ERROR db.SMSServiceIMP - Could not get JDBC Connection; nested exception is java.sql.SQLException: Io 异常: The Network Adapter could not establish the connection
2011-09-01 09:13:48,950 pool-3-thread-1 ERROR db.RTTaskServiceIMP - Could not get JDBC Connection; nested exception is java.sql.SQLException: Io 异常: The Network Adapter could not establish the connection
2011-09-01 09:13:50,952 pool-3-thread-1 ERROR db.RTTaskServiceIMP - Could not get JDBC Connection; nested exception is java.sql.SQLException: Io 异常: The Network Adapter could not establish the connection
2011-09-01 09:13:52,955 pool-3-thread-1 ERROR db.RTTaskServiceIMP - Could not get JDBC Connection; nested exception is java.sql.SQLException: Io 异常: The Network Adapter could not establish the connection
2011-09-01 09:13:53,894 pool-3-thread-3 ERROR db.SMSServiceIMP - Could not get JDBC Connection; nested exception is java.sql.SQLException: Io 异常: The Network Adapter could not establish the connection
2011-09-01 09:13:54,959 pool-3-thread-1 ERROR db.RTTaskServiceIMP - Could not get JDBC Connection; nested exception is java.sql.SQLException: Io 异常: The Network Adapter could not establish the connection
2011-09-01 09:13:56,961 pool-3-thread-1 ERROR db.RTTaskServiceIMP - Could not get JDBC Connection; nested exception is java.sql.SQLException: Io 异常: The Network Adapter could not establish the connection
2011-09-01 09:13:58,896 pool-3-thread-3 ERROR db.SMSServiceIMP - Could not get JDBC Connection; nested exception is java.sql.SQLException: Io 异常: The Network Adapter could not establish the connection
2011-09-01 09:13:58,965 pool-3-thread-1 ERROR db.RTTaskServiceIMP - Could not get JDBC Connection; nested exception is java.sql.SQLException: Io 异常: The Network Adapter could not establish the connection
2011-09-01 09:14:00,969 pool-3-thread-1 ERROR db.RTTaskServiceIMP - Could not get JDBC Connection; nested exception is java.sql.SQLException: Io 异常: The Network Adapter could not establish the connection
2011-09-01 09:14:02,972 pool-3-thread-1 ERROR db.RTTaskServiceIMP - Could not get JDBC Connection; nested exception is java.sql.SQLException: Io 异常: The Network Adapter could not establish the connection
2011-09-01 09:14:03,902 pool-3-thread-3 ERROR db.SMSServiceIMP - Could not get JDBC Connection; nested exception is java.sql.SQLException: Io 异常: The Network Adapter could not establish the connection
2011-09-01 09:14:04,978 pool-3-thread-1 ERROR db.RTTaskServiceIMP - Could not get JDBC Connection; nested exception is java.sql.SQLException: Io 异常: The Network Adapter could not establish the connection
2011-09-01 09:14:06,983 pool-3-thread-1 ERROR db.RTTaskServiceIMP - Could not get JDBC Connection; nested exception is java.sql.SQLException: Io 异常: The Network Adapter could not establish the connection
2011-09-01 09:14:08,904 pool-3-thread-3 ERROR db.SMSServiceIMP - Could not get JDBC Connection; nested exception is java.sql.SQLException: Io 异常: The Network Adapter could not establish the connection
2011-09-01 09:14:08,985 pool-3-thread-1 ERROR db.RTTaskServiceIMP - Could not get JDBC Connection; nested exception is java.sql.SQLException: Io 异常: The Network Adapter could not establish the connection
2011-09-01 09:14:10,987 pool-3-thread-1 ERROR db.RTTaskServiceIMP - Could not get JDBC Connection; nested exception is java.sql.SQLException: Io 异常: The Network Adapter could not establish the connection
2011-09-01 09:14:12,990 pool-3-thread-1 ERROR db.RTTaskServiceIMP - Could not get JDBC Connection; nested exception is java.sql.SQLException: Io 异常: The Network Adapter could not establish the connection
2011-09-01 09:14:13,907 pool-3-thread-3 ERROR db.SMSServiceIMP - Could not get JDBC Connection; nested exception is java.sql.SQLException: Io 异常: The Network Adapter could not establish the connection
2011-09-01 09:14:14,993 pool-3-thread-1 ERROR db.RTTaskServiceIMP - Could not get JDBC Connection; nested exception is java.sql.SQLException: Io 异常: The Network Adapter could not establish the connection
2011-09-01 09:14:16,996 pool-3-thread-1 ERROR db.RTTaskServiceIMP - Could not get JDBC Connection; nested exception is java.sql.SQLException: Io 异常: The Network Adapter could not establish the connection
2011-09-01 09:14:18,910 pool-3-thread-3 ERROR db.SMSServiceIMP - Could not get JDBC Connection; nested exception is java.sql.SQLException: Io 异常: The Network Adapter could not establish the connection
2011-09-01 09:14:19,000 pool-3-thread-1 ERROR db.RTTaskServiceIMP - Could not get JDBC Connection; nested exception is java.sql.SQLException: Io 异常: The Network Adapter could not establish the connection
2011-09-01 09:14:21,003 pool-3-thread-1 ERROR db.RTTaskServiceIMP - Could not get JDBC Connection; nested exception is java.sql.SQLException: Io 异常: The Network Adapter could not establish the connection
2011-09-01 09:14:23,006 pool-3-thread-1 ERROR db.RTTaskServiceIMP - Could not get JDBC Connection; nested exception is java.sql.SQLException: Io 异常: The Network Adapter could not establish the connection
2011-09-01 09:14:23,914 pool-3-thread-3 ERROR db.SMSServiceIMP - Could not get JDBC Connection; nested exception is java.sql.SQLException: Io 异常: The Network Adapter could not establish the connection
2011-09-01 09:14:25,009 pool-3-thread-1 ERROR db.RTTaskServiceIMP - Could not get JDBC Connection; nested exception is java.sql.SQLException: Io 异常: The Network Adapter could not establish the connection
2011-09-01 09:14:27,015 pool-3-thread-1 ERROR db.RTTaskServiceIMP - Could not get JDBC Connection; nested exception is java.sql.SQLException: Io 异常: The Network Adapter could not establish the connection
2011-09-01 09:14:28,917 pool-3-thread-3 ERROR db.SMSServiceIMP - Could not get JDBC Connection; nested exception is java.sql.SQLException: Io 异常: The Network Adapter could not establish the connection
2011-09-01 09:14:29,020 pool-3-thread-1 ERROR db.RTTaskServiceIMP - Could not get JDBC Connection; nested exception is java.sql.SQLException: Io 异常: The Network Adapter could not establish the connection
2011-09-01 09:14:31,024 pool-3-thread-1 ERROR db.RTTaskServiceIMP - Could not get JDBC Connection; nested exception is java.sql.SQLException: Io 异常: The Network Adapter could not establish the connection
2011-09-01 09:14:33,026 pool-3-thread-1 ERROR db.RTTaskServiceIMP - Could not get JDBC Connection; nested exception is java.sql.SQLException: Io 异常: The Network Adapter could not establish the connection
2011-09-01 09:14:33,919 pool-3-thread-3 ERROR db.SMSServiceIMP - Could not get JDBC Connection; nested exception is java.sql.SQLException: Io 异常: The Network Adapter could not establish the connection
2011-09-01 09:14:35,031 pool-3-thread-1 ERROR db.RTTaskServiceIMP - Could not get JDBC Connection; nested exception is java.sql.SQLException: Io 异常: The Network Adapter could not establish the connection
2011-09-01 09:14:37,034 pool-3-thread-1 ERROR db.RTTaskServiceIMP - Could not get JDBC Connection; nested exception is java.sql.SQLException: Io 异常: The Network Adapter could not establish the connection
2011-09-01 09:14:38,923 pool-3-thread-3 ERROR db.SMSServiceIMP - Could not get JDBC Connection; nested exception is java.sql.SQLException: Io 异常: The Network Adapter could not establish the connection
2011-09-01 09:14:39,036 pool-3-thread-1 ERROR db.RTTaskServiceIMP - Could not get JDBC Connection; nested exception is java.sql.SQLException: Io 异常: The Network Adapter could not establish the connection
2011-09-01 09:14:41,038 pool-3-thread-1 ERROR db.RTTaskServiceIMP - Could not get JDBC Connection; nested exception is java.sql.SQLException: Io 异常: The Network Adapter could not establish the connection
2011-09-01 09:14:43,042 pool-3-thread-1 ERROR db.RTTaskServiceIMP - Could not get JDBC Connection; nested exception is java.sql.SQLException: Io 异常: The Network Adapter could not establish the connection
2011-09-01 09:14:43,926 pool-3-thread-3 ERROR db.SMSServiceIMP - Could not get JDBC Connection; nested exception is java.sql.SQLException: Io 异常: The Network Adapter could not establish the connection
2011-09-01 09:14:45,044 pool-3-thread-1 ERROR db.RTTaskServiceIMP - Could not get JDBC Connection; nested exception is java.sql.SQLException: Io 异常: The Network Adapter could not establish the connection
2011-09-01 09:14:47,048 pool-3-thread-1 ERROR db.RTTaskServiceIMP - Could not get JDBC Connection; nested exception is java.sql.SQLException: Io 异常: The Network Adapter could not establish the connection
2011-09-01 09:14:48,929 pool-3-thread-3 ERROR db.SMSServiceIMP - Could not get JDBC Connection; nested exception is java.sql.SQLException: Io 异常: The Network Adapter could not establish the connection
2011-09-01 09:14:49,051 pool-3-thread-1 ERROR db.RTTaskServiceIMP - Could not get JDBC Connection; nested exception is java.sql.SQLException: Io 异常: The Network Adapter could not establish the connection
2011-09-01 09:14:51,053 pool-3-thread-1 ERROR db.RTTaskServiceIMP - Could not get JDBC Connection; nested exception is java.sql.SQLException: Io 异常: The Network Adapter could not establish the connection
2011-09-01 09:14:53,057 pool-3-thread-1 ERROR db.RTTaskServiceIMP - Could not get JDBC Connection; nested exception is java.sql.SQLException: Io 异常: The Network Adapter could not establish the connection
2011-09-01 09:14:53,934 pool-3-thread-3 ERROR db.SMSServiceIMP - Could not get JDBC Connection; nested exception is java.sql.SQLException: Io 异常: The Network Adapter could not establish the connection
2011-09-01 09:14:55,063 pool-3-thread-1 ERROR db.RTTaskServiceIMP - Could not get JDBC Connection; nested exception is java.sql.SQLException: Io 异常: The Network Adapter could not establish the connection
2011-09-01 09:14:57,066 pool-3-thread-1 ERROR db.RTTaskServiceIMP - Could not get JDBC Connection; nested exception is java.sql.SQLException: Io 异常: The Network Adapter could not establish the connection
2011-09-01 09:14:58,936 pool-3-thread-3 ERROR db.SMSServiceIMP - Could not get JDBC Connection; nested exception is java.sql.SQLException: Io 异常: The Network Adapter could not establish the connection
2011-09-01 09:14:59,068 pool-3-thread-1 ERROR db.RTTaskServiceIMP - Could not get JDBC Connection; nested exception is java.sql.SQLException: Io 异常: The Network Adapter could not establish the connection
2011-09-01 09:15:01,072 pool-3-thread-1 ERROR db.RTTaskServiceIMP - Could not get JDBC Connection; nested exception is java.sql.SQLException: Io 异常: The Network Adapter could not establish the connection
2011-09-01 09:15:03,074 pool-3-thread-1 ERROR db.RTTaskServiceIMP - Could not get JDBC Connection; nested exception is java.sql.SQLException: Io 异常: The Network Adapter could not establish the connection
2011-09-01 09:15:03,942 pool-3-thread-3 ERROR db.SMSServiceIMP - Could not get JDBC Connection; nested exception is java.sql.SQLException: Io 异常: The Network Adapter could not establish the connection
2011-09-01 09:15:05,078 pool-3-thread-1 ERROR db.RTTaskServiceIMP - Could not get JDBC Connection; nested exception is java.sql.SQLException: Io 异常: The Network Adapter could not establish the connection
2011-09-01 09:15:07,081 pool-3-thread-1 ERROR db.RTTaskServiceIMP - Could not get JDBC Connection; nested exception is java.sql.SQLException: Io 异常: The Network Adapter could not establish the connection
2011-09-01 09:15:08,945 pool-3-thread-3 ERROR db.SMSServiceIMP - Could not get JDBC Connection; nested exception is java.sql.SQLException: Io 异常: The Network Adapter could not establish the connection
2011-09-01 09:15:09,084 pool-3-thread-1 ERROR db.RTTaskServiceIMP - Could not get JDBC Connection; nested exception is java.sql.SQLException: Io 异常: The Network Adapter could not establish the connection
2011-09-01 09:15:11,087 pool-3-thread-1 ERROR db.RTTaskServiceIMP - Could not get JDBC Connection; nested exception is java.sql.SQLException: Io 异常: The Network Adapter could not establish the connection
2011-09-01 09:15:13,090 pool-3-thread-1 ERROR db.RTTaskServiceIMP - Could not get JDBC Connection; nested exception is java.sql.SQLException: Io 异常: The Network Adapter could not establish the connection
2011-09-01 09:15:13,950 pool-3-thread-3 ERROR db.SMSServiceIMP - Could not get JDBC Connection; nested exception is java.sql.SQLException: Io 异常: The Network Adapter could not establish the connection
2011-09-01 09:15:15,094 pool-3-thread-1 ERROR db.RTTaskServiceIMP - Could not get JDBC Connection; nested exception is java.sql.SQLException: Io 异常: The Network Adapter could not establish the connection
2011-09-01 09:15:17,096 pool-3-thread-1 ERROR db.RTTaskServiceIMP - Could not get JDBC Connection; nested exception is java.sql.SQLException: Io 异常: The Network Adapter could not establish the connection
2011-09-01 09:15:18,953 pool-3-thread-3 ERROR db.SMSServiceIMP - Could not get JDBC Connection; nested exception is java.sql.SQLException: Io 异常: The Network Adapter could not establish the connection
2011-09-01 09:15:19,099 pool-3-thread-1 ERROR db.RTTaskServiceIMP - Could not get JDBC Connection; nested exception is java.sql.SQLException: Io 异常: The Network Adapter could not establish the connection
2011-09-01 09:15:21,102 pool-3-thread-1 ERROR db.RTTaskServiceIMP - Could not get JDBC Connection; nested exception is java.sql.SQLException: Io 异常: The Network Adapter could not establish the connection
2011-09-01 09:15:23,105 pool-3-thread-1 ERROR db.RTTaskServiceIMP - Could not get JDBC Connection; nested exception is java.sql.SQLException: Io 异常: The Network Adapter could not establish the connection
2011-09-01 09:15:23,956 pool-3-thread-3 ERROR db.SMSServiceIMP - Could not get JDBC Connection; nested exception is java.sql.SQLException: Io 异常: The Network Adapter could not establish the connection
2011-09-01 09:15:25,108 pool-3-thread-1 ERROR db.RTTaskServiceIMP - Could not get JDBC Connection; nested exception is java.sql.SQLException: Io 异常: The Network Adapter could not establish the connection
2011-09-01 09:15:27,111 pool-3-thread-1 ERROR db.RTTaskServiceIMP - Could not get JDBC Connection; nested exception is java.sql.SQLException: Io 异常: The Network Adapter could not establish the connection
2011-09-01 09:15:28,959 pool-3-thread-3 ERROR db.SMSServiceIMP - Could not get JDBC Connection; nested exception is java.sql.SQLException: Io 异常: The Network Adapter could not establish the connection
2011-09-01 09:15:29,115 pool-3-thread-1 ERROR db.RTTaskServiceIMP - Could not get JDBC Connection; nested exception is java.sql.SQLException: Io 异常: The Network Adapter could not establish the connection
2011-09-01 09:15:31,118 pool-3-thread-1 ERROR db.RTTaskServiceIMP - Could not get JDBC Connection; nested exception is java.sql.SQLException: Io 异常: The Network Adapter could not establish the connection
2011-09-01 09:15:33,121 pool-3-thread-1 ERROR db.RTTaskServiceIMP - Could not get JDBC Connection; nested exception is java.sql.SQLException: Io 异常: The Network Adapter could not establish the connection
2011-09-01 09:15:33,963 pool-3-thread-3 ERROR db.SMSServiceIMP - Could not get JDBC Connection; nested exception is java.sql.SQLException: Io 异常: The Network Adapter could not establish the connection
2011-09-01 09:15:35,125 pool-3-thread-1 ERROR db.RTTaskServiceIMP - Could not get JDBC Connection; nested exception is java.sql.SQLException: Io 异常: The Network Adapter could not establish the connection
2011-09-01 09:15:37,128 pool-3-thread-1 ERROR db.RTTaskServiceIMP - Could not get JDBC Connection; nested exception is java.sql.SQLException: Io 异常: The Network Adapter could not establish the connection
2011-09-01 09:15:38,969 pool-3-thread-3 ERROR db.SMSServiceIMP - Could not get JDBC Connection; nested exception is java.sql.SQLException: Io 异常: The Network Adapter could not establish the connection
2011-09-01 09:15:39,133 pool-3-thread-1 ERROR db.RTTaskServiceIMP - Could not get JDBC Connection; nested exception is java.sql.SQLException: Io 异常: The Network Adapter could not establish the connection
2011-09-01 09:15:41,135 pool-3-thread-1 ERROR db.RTTaskServiceIMP - Could not get JDBC Connection; nested exception is java.sql.SQLException: Io 异常: The Network Adapter could not establish the connection
2011-09-01 09:15:43,138 pool-3-thread-1 ERROR db.RTTaskServiceIMP - Could not get JDBC Connection; nested exception is java.sql.SQLException: Io 异常: The Network Adapter could not establish the connection
2011-09-01 09:15:43,971 pool-3-thread-3 ERROR db.SMSServiceIMP - Could not get JDBC Connection; nested exception is java.sql.SQLException: Io 异常: The Network Adapter could not establish the connection
2011-09-01 09:15:45,142 pool-3-thread-1 ERROR db.RTTaskServiceIMP - Could not get JDBC Connection; nested exception is java.sql.SQLException: Io 异常: The Network Adapter could not establish the connection
2011-09-01 09:15:47,150 pool-3-thread-1 ERROR db.RTTaskServiceIMP - Could not get JDBC Connection; nested exception is java.sql.SQLException: Io 异常: The Network Adapter could not establish the connection
2011-09-01 09:15:48,974 pool-3-thread-3 ERROR db.SMSServiceIMP - Could not get JDBC Connection; nested exception is java.sql.SQLException: Io 异常: The Network Adapter could not establish the connection
2011-09-01 09:15:49,152 pool-3-thread-1 ERROR db.RTTaskServiceIMP - Could not get JDBC Connection; nested exception is java.sql.SQLException: Io 异常: The Network Adapter could not establish the connection
2011-09-01 09:15:51,155 pool-3-thread-1 ERROR db.RTTaskServiceIMP - Could not get JDBC Connection; nested exception is java.sql.SQLException: Io 异常: The Network Adapter could not establish the connection
2011-09-01 09:15:53,160 pool-3-thread-1 ERROR db.RTTaskServiceIMP - Could not get JDBC Connection; nested exception is java.sql.SQLException: Io 异常: The Network Adapter could not establish the connection
2011-09-01 09:15:53,977 pool-3-thread-3 ERROR db.SMSServiceIMP - Could not get JDBC Connection; nested exception is java.sql.SQLException: Io 异常: The Network Adapter could not establish the connection
2011-09-01 09:15:55,162 pool-3-thread-1 ERROR db.RTTaskServiceIMP - Could not get JDBC Connection; nested exception is java.sql.SQLException: Io 异常: The Network Adapter could not establish the connection
2011-09-01 09:15:57,167 pool-3-thread-1 ERROR db.RTTaskServiceIMP - Could not get JDBC Connection; nested exception is java.sql.SQLException: Io 异常: The Network Adapter could not establish the connection
2011-09-01 09:15:58,980 pool-3-thread-3 ERROR db.SMSServiceIMP - Could not get JDBC Connection; nested exception is java.sql.SQLException: Io 异常: The Network Adapter could not establish the connection
2011-09-01 09:15:59,169 pool-3-thread-1 ERROR db.RTTaskServiceIMP - Could not get JDBC Connection; nested exception is java.sql.SQLException: Io 异常: The Network Adapter could not establish the connection
2011-09-01 09:16:01,172 pool-3-thread-1 ERROR db.RTTaskServiceIMP - Could not get JDBC Connection; nested exception is java.sql.SQLException: Io 异常: The Network Adapter could not establish the connection
2011-09-01 09:16:03,176 pool-3-thread-1 ERROR db.RTTaskServiceIMP - Could not get JDBC Connection; nested exception is java.sql.SQLException: Io 异常: The Network Adapter could not establish the connection
2011-09-01 09:16:03,985 pool-3-thread-3 ERROR db.SMSServiceIMP - Could not get JDBC Connection; nested exception is java.sql.SQLException: Io 异常: The Network Adapter could not establish the connection
2011-09-01 09:16:05,187 pool-3-thread-1 ERROR db.RTTaskServiceIMP - Could not get JDBC Connection; nested exception is java.sql.SQLException: Io 异常: The Network Adapter could not establish the connection
2011-09-01 09:16:07,189 pool-3-thread-1 ERROR db.RTTaskServiceIMP - Could not get JDBC Connection; nested exception is java.sql.SQLException: Io 异常: The Network Adapter could not establish the connection
2011-09-01 09:16:08,987 pool-3-thread-3 ERROR db.SMSServiceIMP - Could not get JDBC Connection; nested exception is java.sql.SQLException: Io 异常: The Network Adapter could not establish the connection
2011-09-01 09:16:09,192 pool-3-thread-1 ERROR db.RTTaskServiceIMP - Could not get JDBC Connection; nested exception is java.sql.SQLException: Io 异常: The Network Adapter could not establish the connection
2011-09-01 09:16:11,194 pool-3-thread-1 ERROR db.RTTaskServiceIMP - Could not get JDBC Connection; nested exception is java.sql.SQLException: Io 异常: The Network Adapter could not establish the connection
2011-09-01 09:16:13,198 pool-3-thread-1 ERROR db.RTTaskServiceIMP - Could not get JDBC Connection; nested exception is java.sql.SQLException: Io 异常: The Network Adapter could not establish the connection
2011-09-01 09:16:13,995 pool-3-thread-3 ERROR db.SMSServiceIMP - Could not get JDBC Connection; nested exception is java.sql.SQLException: Io 异常: The Network Adapter could not establish the connection
2011-09-01 09:16:15,204 pool-3-thread-1 ERROR db.RTTaskServiceIMP - Could not get JDBC Connection; nested exception is java.sql.SQLException: Io 异常: The Network Adapter could not establish the connection
2011-09-01 09:16:17,206 pool-3-thread-1 ERROR db.RTTaskServiceIMP - Could not get JDBC Connection; nested exception is java.sql.SQLException: Io 异常: The Network Adapter could not establish the connection
2011-09-01 09:16:18,998 pool-3-thread-3 ERROR db.SMSServiceIMP - Could not get JDBC Connection; nested exception is java.sql.SQLException: Io 异常: The Network Adapter could not establish the connection
2011-09-01 09:16:19,208 pool-3-thread-1 ERROR db.RTTaskServiceIMP - Could not get JDBC Connection; nested exception is java.sql.SQLException: Io 异常: The Network Adapter could not establish the connection
2011-09-01 09:16:21,210 pool-3-thread-1 ERROR db.RTTaskServiceIMP - Could not get JDBC Connection; nested exception is java.sql.SQLException: Io 异常: The Network Adapter could not establish the connection
2011-09-01 09:16:23,211 pool-3-thread-1 ERROR db.RTTaskServiceIMP - Could not get JDBC Connection; nested exception is java.sql.SQLException: Io 异常: The Network Adapter could not establish the connection
2011-09-01 09:16:24,000 pool-3-thread-3 ERROR db.SMSServiceIMP - Could not get JDBC Connection; nested exception is java.sql.SQLException: Io 异常: The Network Adapter could not establish the connection
2011-09-01 09:16:25,212 pool-3-thread-1 ERROR db.RTTaskServiceIMP - Could not get JDBC Connection; nested exception is java.sql.SQLException: Io 异常: The Network Adapter could not establish the connection
2011-09-01 09:16:27,215 pool-3-thread-1 ERROR db.RTTaskServiceIMP - Could not get JDBC Connection; nested exception is java.sql.SQLException: Io 异常: The Network Adapter could not establish the connection
2011-09-01 09:16:29,000 pool-3-thread-3 ERROR db.SMSServiceIMP - Could not get JDBC Connection; nested exception is java.sql.SQLException: Io 异常: The Network Adapter could not establish the connection
2011-09-01 09:16:29,215 pool-3-thread-1 ERROR db.RTTaskServiceIMP - Could not get JDBC Connection; nested exception is java.sql.SQLException: Io 异常: The Network Adapter could not establish the connection
2011-09-01 09:16:31,216 pool-3-thread-1 ERROR db.RTTaskServiceIMP - Could not get JDBC Connection; nested exception is java.sql.SQLException: Io 异常: The Network Adapter could not establish the connection
2011-09-01 09:16:33,217 pool-3-thread-1 ERROR db.RTTaskServiceIMP - Could not get JDBC Connection; nested exception is java.sql.SQLException: Io 异常: The Network Adapter could not establish the connection
2011-09-01 09:16:34,002 pool-3-thread-3 ERROR db.SMSServiceIMP - Could not get JDBC Connection; nested exception is java.sql.SQLException: Io 异常: The Network Adapter could not establish the connection
2011-09-01 09:16:35,218 pool-3-thread-1 ERROR db.RTTaskServiceIMP - Could not get JDBC Connection; nested exception is java.sql.SQLException: Io 异常: The Network Adapter could not establish the connection
2011-09-01 09:16:37,219 pool-3-thread-1 ERROR db.RTTaskServiceIMP - Could not get JDBC Connection; nested exception is java.sql.SQLException: Io 异常: The Network Adapter could not establish the connection
2011-09-01 09:16:39,004 pool-3-thread-3 ERROR db.SMSServiceIMP - Could not get JDBC Connection; nested exception is java.sql.SQLException: Io 异常: The Network Adapter could not establish the connection
2011-09-01 09:16:39,221 pool-3-thread-1 ERROR db.RTTaskServiceIMP - Could not get JDBC Connection; nested exception is java.sql.SQLException: Io 异常: The Network Adapter could not establish the connection
2011-09-01 09:16:41,222 pool-3-thread-1 ERROR db.RTTaskServiceIMP - Could not get JDBC Connection; nested exception is java.sql.SQLException: Io 异常: The Network Adapter could not establish the connection
2011-09-01 09:16:43,223 pool-3-thread-1 ERROR db.RTTaskServiceIMP - Could not get JDBC Connection; nested exception is java.sql.SQLException: Io 异常: The Network Adapter could not establish the connection
2011-09-01 09:16:44,005 pool-3-thread-3 ERROR db.SMSServiceIMP - Could not get JDBC Connection; nested exception is java.sql.SQLException: Io 异常: The Network Adapter could not establish the connection
2011-09-01 09:16:45,224 pool-3-thread-1 ERROR db.RTTaskServiceIMP - Could not get JDBC Connection; nested exception is java.sql.SQLException: Io 异常: The Network Adapter could not establish the connection
