2010-02-19 10:53:51 [gTimerThread] TimerScheduler.java:118 - 执行定时器：
    <sockclient-profile type="gprsClient">
        <name>gprs1</name>
        <port>10.137.253.8:8100</port>
        <state>false</state>
        <timeout>2</timeout>
        <txfs>02</txfs>
        <totalRecv>0</totalRecv>
        <totalSend>0</totalSend>
        <perMinuteRecv>0</perMinuteRecv>
        <perMinuteSend>0</perMinuteSend>
        <lastRecv>10:53:46</lastRecv>
        <lastSend>08:00:00</lastSend>
    </sockclient-profile>
2010-02-19 10:53:51 [gTimerThread] TimerScheduler.java:118 - 执行定时器：AsyncService
2010-02-19 10:53:53 [gTimerThread] TimerScheduler.java:118 - 执行定时器：
    <sockclient-profile type="gprsClient">
        <name>gprs1</name>
        <port>10.137.253.8:8100</port>
        <state>false</state>
        <timeout>2</timeout>
        <txfs>02</txfs>
        <totalRecv>0</totalRecv>
        <totalSend>0</totalSend>
        <perMinuteRecv>0</perMinuteRecv>
        <perMinuteSend>0</perMinuteSend>
        <lastRecv>10:53:46</lastRecv>
        <lastSend>08:00:00</lastSend>
    </sockclient-profile>
2010-02-19 10:53:55 [gTimerThread] TimerScheduler.java:118 - 执行定时器：
    <sockclient-profile type="gprsClient">
        <name>gprs1</name>
        <port>10.137.253.8:8100</port>
        <state>false</state>
        <timeout>2</timeout>
        <txfs>02</txfs>
        <totalRecv>0</totalRecv>
        <totalSend>0</totalSend>
        <perMinuteRecv>0</perMinuteRecv>
        <perMinuteSend>0</perMinuteSend>
        <lastRecv>10:53:46</lastRecv>
        <lastSend>08:00:00</lastSend>
    </sockclient-profile>
2010-02-19 10:53:56 [gTimerThread] TimerScheduler.java:118 - 执行定时器：AsyncService
2010-02-19 10:53:57 [gTimerThread] TimerScheduler.java:118 - 执行定时器：
    <sockclient-profile type="gprsClient">
        <name>gprs1</name>
        <port>10.137.253.8:8100</port>
        <state>false</state>
        <timeout>2</timeout>
        <txfs>02</txfs>
        <totalRecv>0</totalRecv>
        <totalSend>0</totalSend>
        <perMinuteRecv>0</perMinuteRecv>
        <perMinuteSend>0</perMinuteSend>
        <lastRecv>10:53:46</lastRecv>
        <lastSend>08:00:00</lastSend>
    </sockclient-profile>
2010-02-19 10:53:59 [gTimerThread] TimerScheduler.java:118 - 执行定时器：
    <sockclient-profile type="gprsClient">
        <name>gprs1</name>
        <port>10.137.253.8:8100</port>
        <state>false</state>
        <timeout>2</timeout>
        <txfs>02</txfs>
        <totalRecv>0</totalRecv>
        <totalSend>0</totalSend>
        <perMinuteRecv>0</perMinuteRecv>
        <perMinuteSend>0</perMinuteSend>
        <lastRecv>10:53:46</lastRecv>
        <lastSend>08:00:00</lastSend>
    </sockclient-profile>
2010-02-19 10:54:01 [gTimerThread] TimerScheduler.java:118 - 执行定时器：
    <sockclient-profile type="gprsClient">
        <name>gprs1</name>
        <port>10.137.253.8:8100</port>
        <state>false</state>
        <timeout>2</timeout>
        <txfs>02</txfs>
        <totalRecv>0</totalRecv>
        <totalSend>0</totalSend>
        <perMinuteRecv>0</perMinuteRecv>
        <perMinuteSend>0</perMinuteSend>
        <lastRecv>10:53:46</lastRecv>
        <lastSend>08:00:00</lastSend>
    </sockclient-profile>
2010-02-19 10:54:01 [gTimerThread] TimerScheduler.java:118 - 执行定时器：AsyncService
2010-02-19 10:54:03 [gTimerThread] TimerScheduler.java:118 - 执行定时器：
    <sockclient-profile type="gprsClient">
        <name>gprs1</name>
        <port>10.137.253.8:8100</port>
        <state>false</state>
        <timeout>2</timeout>
        <txfs>02</txfs>
        <totalRecv>0</totalRecv>
        <totalSend>0</totalSend>
        <perMinuteRecv>0</perMinuteRecv>
        <perMinuteSend>0</perMinuteSend>
        <lastRecv>10:53:46</lastRecv>
        <lastSend>08:00:00</lastSend>
    </sockclient-profile>
2010-02-19 10:54:05 [gTimerThread] TimerScheduler.java:118 - 执行定时器：
    <sockclient-profile type="gprsClient">
        <name>gprs1</name>
        <port>10.137.253.8:8100</port>
        <state>false</state>
        <timeout>2</timeout>
        <txfs>02</txfs>
        <totalRecv>0</totalRecv>
        <totalSend>0</totalSend>
        <perMinuteRecv>0</perMinuteRecv>
        <perMinuteSend>0</perMinuteSend>
        <lastRecv>10:53:46</lastRecv>
        <lastSend>08:00:00</lastSend>
    </sockclient-profile>
2010-02-19 10:54:06 [gTimerThread] TimerScheduler.java:118 - 执行定时器：AsyncService
