修改日期      修改人  BUGID     修改文件名                       修改原因  
2007.09.05 xu_lw  0000067   HiWaitMsgHandler            GetMessage增加超时功能
2007.10.31 xu_lw  0000122   LogFilter                   程序中使用了JDK5.0特性
2008.01.08 xu_lw            HiDigesterParserImp         优化日志
2008.01.08 xu_lw  0000182   HiDefaultServer             出现OOM现象
2008.01.08 xu_lw  0000182   SetContextFilter            出现OOM现象
2008.01.08 xu_lw  0000182   HiDigesterParserImp         出现OOM现象
2008.01.31 xu_lw  0000198   LogFilter                   增加统计信息
2008.01.31 xu_lw  0000198   HiDefaultProcess            增加统计信息
2008.03.10 xu_lw  0000198   HiDefaultServer             增加统计信息
2008.04.17 xu_lw  0000198   HiDefaultServer             endBuild方法增加HiContext.removeCurrentContext()语句
2008.04.17 xu_lw  0000198   HiFrameworkBuilder          getObjectDecorator使用HiResource.loadClass方式
2008.04.17 xu_lw  0000198   HiDigesterParserImp         在SAXException时,调用endBuild方法
2008.05.03 xu_lw  0000198   HiDefaultProcess            若设置消息头RSP为0则不需要后续调用处理
2008.05.31 xu_lw  0000259   HiWaitMsgHandler            由于异常情况下，必须先判断是否已经返回
2008.05.31 xu_lw  0000259   HiPutMsgHandler             notify之前设置_MSG_RECVED标志为1
2008.08.04 xu_lw  0000279   HiDigesterParserImp         serverParser不能赋值为null，否则异常时日志不清楚
2008.08.26 xu_lw  0000279   HiDefaultProcess            修改错误处理功能
2008.12.22 xu_lw            HiDigesterParserImp         修改错误日志
2009.02.24 xu_lw            HiWaitMsgHandler            异常情况下需要设置消息响应标志
2009.04.22 xu_lw            ServerEvent                 不再继承EventObject
2009.07.14 xu_lw            LogFilter                   增加日志关闭功能
2009.07.14 xu_lw            HiDefaultServer             增加动态修改服务容器日志功能