修改日期      修改人    BUGID     修改文件名                       修改原因  
2007.09.12 xu_lw    0000088   HiLogTransInfo           增加日志文件记录:TRANS.log
2007.09.17 xu_lw    0000095   HiLogTransInfo           优化交易日志摘要Handler
2007.10.19 chen_dh  0000119   HiParser8583Handler      [ATMP]8583功能增强
2007.10.31 chen_dh  0000119   HiParser8583Handler      [ATMP]8583功能增强
2007.10.31 xu_lw    0000122   HiLogTransInfo           程序中使用了JDK5.0特性
2007.11.15 xu_lw    0000136   HiLogTransInfo           配置的日志的节点不存在时会出现NullPointer
2007.11.24 xu_lw    0000148   HiLogTransInfo           TXNTRC.lst在log和trc目录下都存在
2007.12.04 chen_dh  0000153   HiParser8583Handler      增加8583 银联2.0功能
2007.12.12 xu_lw    0000163   HiLogTransInfo           HiLogTransInfo产生的文件有错
2008.01.08 xu_lw    0000196   HiParser8583Handler      性能优化XPath
2008.03.12 xu_lw    0000233   HiFlowControlFilter      根据msgType来控制流量
2008.04.15 xu_lw    0000234   HiBatchonlineHandler     优化批量大小通道
2008.04.15 xu_lw    0000235   HiLogTransInfo           文件保存错误时，不抛异常        
2008.05.12 xu_lw    0000269   HiLogTransInfo           文件写失败抛IOException不处理
2008.05.26 xu_lw    0000270   HiLSNSVRHandler          对于STM、ETM特殊处理
2008.06.13 xu_lw    0000270   HiLSNSVRHandler          对于STM、ETM特殊处理
2008.06.18 xu_lw    0000286   HiLogTransInfo           使用FileOutputStream替代FileWriter
2008.06.18 xu_lw    0000274   HiInitTransParamHandler  参数为使用PARAFILE命名
2008.06.18 xu_lw    0000274   HiInitComponentParamHandler 增加日志信息
2008.08.27 xu_lw    0000279   HiValidator              增加输入交易数据校验功能
2008.12.20 xu_lw              HiBodyTypeConvert        增加消息BODY类型转换
2008.12.20 xu_lw              HiLogTransInfo           修改日志记录为Logger方式
2008.12.20 xu_lw              HiBatchonlineHandler     更新779-797:返回更新流水;更新820行:bpCreateCondition方法中,root_i->root_o
2009.05.05 xu_lw              HiCONSVRHandler          增加RGNRTR.XML配置文件
2009.05.12 xu_lw              HiAutoSendTransReqHandler 增加服务器启动时自动触发交易
2009.07.09 xu_lw              HiAutoSendTransReqHandler 增加ServerStop处理
2009.07.14 xu_lw              HiBatchonlineHandler      SQL修改为Oracle方式
2009.07.14 xu_lw              HiLogID                   支持从消息取数据方式
2009.07.16 xu_lw              HiAutoSendTransReqHandler 修改日志级别
2009.07.20 xu_lw              HiBatchonlineHandler      修改线程池,增加队列方式
2009.10.22 xu_lw              HiBatchonlineHandler      增加机构号处理